{"/home/rbn/bs/battleship/public/game-constants.js": {"path":"/home/rbn/bs/battleship/public/game-constants.js","all":false,"statementMap":{"0":{"start":{"line":1,"column":0},"end":{"line":1,"column":22}},"1":{"start":{"line":2,"column":0},"end":{"line":2,"column":27}},"2":{"start":{"line":3,"column":0},"end":{"line":3,"column":57}},"3":{"start":{"line":4,"column":0},"end":{"line":4,"column":57}},"4":{"start":{"line":5,"column":0},"end":{"line":5,"column":87}},"5":{"start":{"line":6,"column":0},"end":{"line":6,"column":0}},"6":{"start":{"line":7,"column":0},"end":{"line":7,"column":20}},"7":{"start":{"line":8,"column":0},"end":{"line":8,"column":23}},"8":{"start":{"line":9,"column":0},"end":{"line":9,"column":39}},"9":{"start":{"line":10,"column":0},"end":{"line":10,"column":41}},"10":{"start":{"line":11,"column":0},"end":{"line":11,"column":39}},"11":{"start":{"line":12,"column":0},"end":{"line":12,"column":35}},"12":{"start":{"line":13,"column":0},"end":{"line":13,"column":43}},"13":{"start":{"line":14,"column":0},"end":{"line":14,"column":50}},"14":{"start":{"line":15,"column":0},"end":{"line":15,"column":0}},"15":{"start":{"line":16,"column":0},"end":{"line":16,"column":33}},"16":{"start":{"line":17,"column":0},"end":{"line":17,"column":24}},"17":{"start":{"line":18,"column":0},"end":{"line":18,"column":22}},"18":{"start":{"line":19,"column":0},"end":{"line":19,"column":26}},"19":{"start":{"line":20,"column":0},"end":{"line":20,"column":26}},"20":{"start":{"line":21,"column":0},"end":{"line":21,"column":27}},"21":{"start":{"line":22,"column":0},"end":{"line":22,"column":22}},"22":{"start":{"line":23,"column":0},"end":{"line":23,"column":128}},"23":{"start":{"line":24,"column":0},"end":{"line":24,"column":25}},"24":{"start":{"line":25,"column":0},"end":{"line":25,"column":1}},"25":{"start":{"line":26,"column":0},"end":{"line":26,"column":0}},"26":{"start":{"line":27,"column":0},"end":{"line":27,"column":24}},"27":{"start":{"line":28,"column":0},"end":{"line":28,"column":39}},"28":{"start":{"line":29,"column":0},"end":{"line":29,"column":33}},"29":{"start":{"line":30,"column":0},"end":{"line":30,"column":0}},"30":{"start":{"line":31,"column":0},"end":{"line":31,"column":30}},"31":{"start":{"line":32,"column":0},"end":{"line":32,"column":37}},"32":{"start":{"line":33,"column":0},"end":{"line":33,"column":21}},"33":{"start":{"line":34,"column":0},"end":{"line":34,"column":15}},"34":{"start":{"line":35,"column":0},"end":{"line":35,"column":11}},"35":{"start":{"line":36,"column":0},"end":{"line":36,"column":20}},"36":{"start":{"line":37,"column":0},"end":{"line":37,"column":13}},"37":{"start":{"line":38,"column":0},"end":{"line":38,"column":19}},"38":{"start":{"line":39,"column":0},"end":{"line":39,"column":100}},"39":{"start":{"line":40,"column":0},"end":{"line":40,"column":100}},"40":{"start":{"line":41,"column":0},"end":{"line":41,"column":100}},"41":{"start":{"line":42,"column":0},"end":{"line":42,"column":99}},"42":{"start":{"line":43,"column":0},"end":{"line":43,"column":5}},"43":{"start":{"line":44,"column":0},"end":{"line":44,"column":13}},"44":{"start":{"line":45,"column":0},"end":{"line":45,"column":59}},"45":{"start":{"line":46,"column":0},"end":{"line":46,"column":4}},"46":{"start":{"line":47,"column":0},"end":{"line":47,"column":17}},"47":{"start":{"line":48,"column":0},"end":{"line":48,"column":13}},"48":{"start":{"line":49,"column":0},"end":{"line":49,"column":19}},"49":{"start":{"line":50,"column":0},"end":{"line":50,"column":100}},"50":{"start":{"line":51,"column":0},"end":{"line":51,"column":100}},"51":{"start":{"line":52,"column":0},"end":{"line":52,"column":100}},"52":{"start":{"line":53,"column":0},"end":{"line":53,"column":99}},"53":{"start":{"line":54,"column":0},"end":{"line":54,"column":5}},"54":{"start":{"line":55,"column":0},"end":{"line":55,"column":13}},"55":{"start":{"line":56,"column":0},"end":{"line":56,"column":59}},"56":{"start":{"line":57,"column":0},"end":{"line":57,"column":4}},"57":{"start":{"line":58,"column":0},"end":{"line":58,"column":2}},"58":{"start":{"line":59,"column":0},"end":{"line":59,"column":1}}},"s":{"0":1,"1":1,"2":1,"3":1,"4":1,"5":1,"6":1,"7":1,"8":1,"9":1,"10":1,"11":1,"12":1,"13":1,"14":1,"15":1,"16":1,"17":1,"18":1,"19":1,"20":1,"21":1,"22":1,"23":1,"24":1,"25":1,"26":1,"27":1,"28":1,"29":1,"30":1,"31":1,"32":1,"33":1,"34":1,"35":1,"36":1,"37":1,"38":1,"39":1,"40":1,"41":1,"42":1,"43":1,"44":1,"45":1,"46":1,"47":1,"48":1,"49":1,"50":1,"51":1,"52":1,"53":1,"54":1,"55":1,"56":1,"57":1,"58":1},"branchMap":{"0":{"type":"branch","line":1,"loc":{"start":{"line":1,"column":0},"end":{"line":55,"column":2}},"locations":[{"start":{"line":1,"column":0},"end":{"line":55,"column":2}}]}},"b":{"0":[1]},"fnMap":{},"f":{}}
,"/home/rbn/bs/battleship/public/game-logic.js": {"path":"/home/rbn/bs/battleship/public/game-logic.js","all":false,"statementMap":{"0":{"start":{"line":1,"column":0},"end":{"line":1,"column":75}},"1":{"start":{"line":2,"column":0},"end":{"line":2,"column":46}},"2":{"start":{"line":3,"column":0},"end":{"line":3,"column":0}},"3":{"start":{"line":4,"column":0},"end":{"line":4,"column":17}},"4":{"start":{"line":5,"column":0},"end":{"line":5,"column":0}},"5":{"start":{"line":6,"column":0},"end":{"line":6,"column":36}},"6":{"start":{"line":7,"column":0},"end":{"line":7,"column":61}},"7":{"start":{"line":8,"column":0},"end":{"line":8,"column":96}},"8":{"start":{"line":9,"column":0},"end":{"line":9,"column":50}},"9":{"start":{"line":10,"column":0},"end":{"line":10,"column":31}},"10":{"start":{"line":11,"column":0},"end":{"line":11,"column":0}},"11":{"start":{"line":12,"column":0},"end":{"line":12,"column":26}},"12":{"start":{"line":13,"column":0},"end":{"line":13,"column":63}},"13":{"start":{"line":14,"column":0},"end":{"line":14,"column":0}},"14":{"start":{"line":15,"column":0},"end":{"line":15,"column":26}},"15":{"start":{"line":16,"column":0},"end":{"line":16,"column":31}},"16":{"start":{"line":17,"column":0},"end":{"line":17,"column":52}},"17":{"start":{"line":18,"column":0},"end":{"line":18,"column":8}},"18":{"start":{"line":19,"column":0},"end":{"line":19,"column":31}},"19":{"start":{"line":20,"column":0},"end":{"line":20,"column":52}},"20":{"start":{"line":21,"column":0},"end":{"line":21,"column":8}},"21":{"start":{"line":22,"column":0},"end":{"line":22,"column":22}},"22":{"start":{"line":23,"column":0},"end":{"line":23,"column":40}},"23":{"start":{"line":24,"column":0},"end":{"line":24,"column":10}},"24":{"start":{"line":25,"column":0},"end":{"line":25,"column":39}},"25":{"start":{"line":26,"column":0},"end":{"line":26,"column":2}},"26":{"start":{"line":27,"column":0},"end":{"line":27,"column":1}},"27":{"start":{"line":28,"column":0},"end":{"line":28,"column":83}},"28":{"start":{"line":29,"column":0},"end":{"line":29,"column":97}},"29":{"start":{"line":30,"column":0},"end":{"line":30,"column":43}},"30":{"start":{"line":31,"column":0},"end":{"line":31,"column":2}},"31":{"start":{"line":32,"column":0},"end":{"line":32,"column":0}},"32":{"start":{"line":33,"column":0},"end":{"line":33,"column":88}},"33":{"start":{"line":34,"column":0},"end":{"line":34,"column":0}},"34":{"start":{"line":35,"column":0},"end":{"line":35,"column":115}},"35":{"start":{"line":36,"column":0},"end":{"line":36,"column":26}},"36":{"start":{"line":37,"column":0},"end":{"line":37,"column":0}},"37":{"start":{"line":38,"column":0},"end":{"line":38,"column":109}},"38":{"start":{"line":39,"column":0},"end":{"line":39,"column":29}},"39":{"start":{"line":40,"column":0},"end":{"line":40,"column":13}},"40":{"start":{"line":41,"column":0},"end":{"line":41,"column":1}},"41":{"start":{"line":42,"column":0},"end":{"line":42,"column":53}},"42":{"start":{"line":43,"column":0},"end":{"line":43,"column":31}},"43":{"start":{"line":44,"column":0},"end":{"line":44,"column":41}},"44":{"start":{"line":45,"column":0},"end":{"line":45,"column":0}},"45":{"start":{"line":46,"column":0},"end":{"line":46,"column":31}},"46":{"start":{"line":47,"column":0},"end":{"line":47,"column":63}},"47":{"start":{"line":48,"column":0},"end":{"line":48,"column":58}},"48":{"start":{"line":49,"column":0},"end":{"line":49,"column":40}},"49":{"start":{"line":50,"column":0},"end":{"line":50,"column":15}},"50":{"start":{"line":51,"column":0},"end":{"line":51,"column":0}},"51":{"start":{"line":52,"column":0},"end":{"line":52,"column":59}},"52":{"start":{"line":53,"column":0},"end":{"line":53,"column":68}},"53":{"start":{"line":54,"column":0},"end":{"line":54,"column":0}},"54":{"start":{"line":55,"column":0},"end":{"line":55,"column":22}},"55":{"start":{"line":56,"column":0},"end":{"line":56,"column":25}},"56":{"start":{"line":57,"column":0},"end":{"line":57,"column":7}},"57":{"start":{"line":58,"column":0},"end":{"line":58,"column":49}},"58":{"start":{"line":59,"column":0},"end":{"line":59,"column":18}},"59":{"start":{"line":60,"column":0},"end":{"line":60,"column":17}},"60":{"start":{"line":61,"column":0},"end":{"line":61,"column":21}},"61":{"start":{"line":62,"column":0},"end":{"line":62,"column":9}},"62":{"start":{"line":63,"column":0},"end":{"line":63,"column":19}},"63":{"start":{"line":64,"column":0},"end":{"line":64,"column":21}},"64":{"start":{"line":65,"column":0},"end":{"line":65,"column":9}},"65":{"start":{"line":66,"column":0},"end":{"line":66,"column":19}},"66":{"start":{"line":67,"column":0},"end":{"line":67,"column":21}},"67":{"start":{"line":68,"column":0},"end":{"line":68,"column":9}},"68":{"start":{"line":69,"column":0},"end":{"line":69,"column":20}},"69":{"start":{"line":70,"column":0},"end":{"line":70,"column":21}},"70":{"start":{"line":71,"column":0},"end":{"line":71,"column":9}},"71":{"start":{"line":72,"column":0},"end":{"line":72,"column":21}},"72":{"start":{"line":73,"column":0},"end":{"line":73,"column":38}},"73":{"start":{"line":74,"column":0},"end":{"line":74,"column":9}},"74":{"start":{"line":75,"column":0},"end":{"line":75,"column":11}},"75":{"start":{"line":76,"column":0},"end":{"line":76,"column":37}},"76":{"start":{"line":77,"column":0},"end":{"line":77,"column":3}},"77":{"start":{"line":78,"column":0},"end":{"line":78,"column":44}},"78":{"start":{"line":79,"column":0},"end":{"line":79,"column":2}},"79":{"start":{"line":80,"column":0},"end":{"line":80,"column":41}},"80":{"start":{"line":81,"column":0},"end":{"line":81,"column":13}},"81":{"start":{"line":82,"column":0},"end":{"line":82,"column":1}},"82":{"start":{"line":83,"column":0},"end":{"line":83,"column":0}},"83":{"start":{"line":84,"column":0},"end":{"line":84,"column":0}},"84":{"start":{"line":85,"column":0},"end":{"line":85,"column":52}},"85":{"start":{"line":86,"column":0},"end":{"line":86,"column":31}},"86":{"start":{"line":87,"column":0},"end":{"line":87,"column":41}},"87":{"start":{"line":88,"column":0},"end":{"line":88,"column":0}},"88":{"start":{"line":89,"column":0},"end":{"line":89,"column":31}},"89":{"start":{"line":90,"column":0},"end":{"line":90,"column":37}},"90":{"start":{"line":91,"column":0},"end":{"line":91,"column":42}},"91":{"start":{"line":92,"column":0},"end":{"line":92,"column":34}},"92":{"start":{"line":93,"column":0},"end":{"line":93,"column":25}},"93":{"start":{"line":94,"column":0},"end":{"line":94,"column":15}},"94":{"start":{"line":95,"column":0},"end":{"line":95,"column":0}},"95":{"start":{"line":96,"column":0},"end":{"line":96,"column":43}},"96":{"start":{"line":97,"column":0},"end":{"line":97,"column":0}},"97":{"start":{"line":98,"column":0},"end":{"line":98,"column":22}},"98":{"start":{"line":99,"column":0},"end":{"line":99,"column":25}},"99":{"start":{"line":100,"column":0},"end":{"line":100,"column":14}},"100":{"start":{"line":101,"column":0},"end":{"line":101,"column":7}},"101":{"start":{"line":102,"column":0},"end":{"line":102,"column":42}},"102":{"start":{"line":103,"column":0},"end":{"line":103,"column":18}},"103":{"start":{"line":104,"column":0},"end":{"line":104,"column":17}},"104":{"start":{"line":105,"column":0},"end":{"line":105,"column":27}},"105":{"start":{"line":106,"column":0},"end":{"line":106,"column":9}},"106":{"start":{"line":107,"column":0},"end":{"line":107,"column":19}},"107":{"start":{"line":108,"column":0},"end":{"line":108,"column":27}},"108":{"start":{"line":109,"column":0},"end":{"line":109,"column":9}},"109":{"start":{"line":110,"column":0},"end":{"line":110,"column":19}},"110":{"start":{"line":111,"column":0},"end":{"line":111,"column":27}},"111":{"start":{"line":112,"column":0},"end":{"line":112,"column":9}},"112":{"start":{"line":113,"column":0},"end":{"line":113,"column":20}},"113":{"start":{"line":114,"column":0},"end":{"line":114,"column":27}},"114":{"start":{"line":115,"column":0},"end":{"line":115,"column":9}},"115":{"start":{"line":116,"column":0},"end":{"line":116,"column":21}},"116":{"start":{"line":117,"column":0},"end":{"line":117,"column":9}},"117":{"start":{"line":118,"column":0},"end":{"line":118,"column":11}},"118":{"start":{"line":119,"column":0},"end":{"line":119,"column":96}},"119":{"start":{"line":120,"column":0},"end":{"line":120,"column":3}},"120":{"start":{"line":121,"column":0},"end":{"line":121,"column":55}},"121":{"start":{"line":122,"column":0},"end":{"line":122,"column":2}},"122":{"start":{"line":123,"column":0},"end":{"line":123,"column":41}},"123":{"start":{"line":124,"column":0},"end":{"line":124,"column":13}},"124":{"start":{"line":125,"column":0},"end":{"line":125,"column":1}},"125":{"start":{"line":126,"column":0},"end":{"line":126,"column":0}},"126":{"start":{"line":127,"column":0},"end":{"line":127,"column":43}},"127":{"start":{"line":128,"column":0},"end":{"line":128,"column":33}},"128":{"start":{"line":129,"column":0},"end":{"line":129,"column":41}},"129":{"start":{"line":130,"column":0},"end":{"line":130,"column":50}},"130":{"start":{"line":131,"column":0},"end":{"line":131,"column":52}},"131":{"start":{"line":132,"column":0},"end":{"line":132,"column":0}},"132":{"start":{"line":133,"column":0},"end":{"line":133,"column":66}},"133":{"start":{"line":134,"column":0},"end":{"line":134,"column":27}},"134":{"start":{"line":135,"column":0},"end":{"line":135,"column":77}},"135":{"start":{"line":136,"column":0},"end":{"line":136,"column":4}},"136":{"start":{"line":137,"column":0},"end":{"line":137,"column":11}},"137":{"start":{"line":138,"column":0},"end":{"line":138,"column":4}},"138":{"start":{"line":139,"column":0},"end":{"line":139,"column":55}},"139":{"start":{"line":140,"column":0},"end":{"line":140,"column":59}},"140":{"start":{"line":141,"column":0},"end":{"line":141,"column":42}},"141":{"start":{"line":142,"column":0},"end":{"line":142,"column":96}},"142":{"start":{"line":143,"column":0},"end":{"line":143,"column":29}},"143":{"start":{"line":144,"column":0},"end":{"line":144,"column":8}},"144":{"start":{"line":145,"column":0},"end":{"line":145,"column":30}},"145":{"start":{"line":146,"column":0},"end":{"line":146,"column":3}},"146":{"start":{"line":147,"column":0},"end":{"line":147,"column":2}},"147":{"start":{"line":148,"column":0},"end":{"line":148,"column":13}},"148":{"start":{"line":149,"column":0},"end":{"line":149,"column":1}},"149":{"start":{"line":150,"column":0},"end":{"line":150,"column":0}},"150":{"start":{"line":151,"column":0},"end":{"line":151,"column":43}},"151":{"start":{"line":152,"column":0},"end":{"line":152,"column":31}},"152":{"start":{"line":153,"column":0},"end":{"line":153,"column":29}},"153":{"start":{"line":154,"column":0},"end":{"line":154,"column":53}},"154":{"start":{"line":155,"column":0},"end":{"line":155,"column":0}},"155":{"start":{"line":156,"column":0},"end":{"line":156,"column":51}},"156":{"start":{"line":157,"column":0},"end":{"line":157,"column":0}},"157":{"start":{"line":158,"column":0},"end":{"line":158,"column":80}},"158":{"start":{"line":159,"column":0},"end":{"line":159,"column":17}},"159":{"start":{"line":160,"column":0},"end":{"line":160,"column":34}},"160":{"start":{"line":161,"column":0},"end":{"line":161,"column":24}},"161":{"start":{"line":162,"column":0},"end":{"line":162,"column":61}},"162":{"start":{"line":163,"column":0},"end":{"line":163,"column":26}},"163":{"start":{"line":164,"column":0},"end":{"line":164,"column":34}},"164":{"start":{"line":165,"column":0},"end":{"line":165,"column":26}},"165":{"start":{"line":166,"column":0},"end":{"line":166,"column":18}},"166":{"start":{"line":167,"column":0},"end":{"line":167,"column":13}},"167":{"start":{"line":168,"column":0},"end":{"line":168,"column":3}},"168":{"start":{"line":169,"column":0},"end":{"line":169,"column":0}},"169":{"start":{"line":170,"column":0},"end":{"line":170,"column":25}},"170":{"start":{"line":171,"column":0},"end":{"line":171,"column":67}},"171":{"start":{"line":172,"column":0},"end":{"line":172,"column":0}},"172":{"start":{"line":173,"column":0},"end":{"line":173,"column":26}},"173":{"start":{"line":174,"column":0},"end":{"line":174,"column":84}},"174":{"start":{"line":175,"column":0},"end":{"line":175,"column":13}},"175":{"start":{"line":176,"column":0},"end":{"line":176,"column":1}},"176":{"start":{"line":177,"column":0},"end":{"line":177,"column":0}},"177":{"start":{"line":178,"column":0},"end":{"line":178,"column":36}},"178":{"start":{"line":179,"column":0},"end":{"line":179,"column":31}},"179":{"start":{"line":180,"column":0},"end":{"line":180,"column":38}},"180":{"start":{"line":181,"column":0},"end":{"line":181,"column":86}},"181":{"start":{"line":182,"column":0},"end":{"line":182,"column":13}},"182":{"start":{"line":183,"column":0},"end":{"line":183,"column":78}},"183":{"start":{"line":184,"column":0},"end":{"line":184,"column":2}},"184":{"start":{"line":185,"column":0},"end":{"line":185,"column":29}},"185":{"start":{"line":186,"column":0},"end":{"line":186,"column":20}},"186":{"start":{"line":187,"column":0},"end":{"line":187,"column":44}},"187":{"start":{"line":188,"column":0},"end":{"line":188,"column":2}},"188":{"start":{"line":189,"column":0},"end":{"line":189,"column":0}},"189":{"start":{"line":190,"column":0},"end":{"line":190,"column":12}},"190":{"start":{"line":191,"column":0},"end":{"line":191,"column":1}},"191":{"start":{"line":192,"column":0},"end":{"line":192,"column":26}},"192":{"start":{"line":193,"column":0},"end":{"line":193,"column":33}},"193":{"start":{"line":194,"column":0},"end":{"line":194,"column":32}},"194":{"start":{"line":195,"column":0},"end":{"line":195,"column":24}},"195":{"start":{"line":196,"column":0},"end":{"line":196,"column":5}},"196":{"start":{"line":197,"column":0},"end":{"line":197,"column":27}},"197":{"start":{"line":198,"column":0},"end":{"line":198,"column":13}},"198":{"start":{"line":199,"column":0},"end":{"line":199,"column":1}},"199":{"start":{"line":200,"column":0},"end":{"line":200,"column":3}},"200":{"start":{"line":201,"column":0},"end":{"line":201,"column":73}},"201":{"start":{"line":202,"column":0},"end":{"line":202,"column":2}},"202":{"start":{"line":203,"column":0},"end":{"line":203,"column":34}},"203":{"start":{"line":204,"column":0},"end":{"line":204,"column":35}},"204":{"start":{"line":205,"column":0},"end":{"line":205,"column":20}},"205":{"start":{"line":206,"column":0},"end":{"line":206,"column":26}},"206":{"start":{"line":207,"column":0},"end":{"line":207,"column":43}},"207":{"start":{"line":208,"column":0},"end":{"line":208,"column":30}},"208":{"start":{"line":209,"column":0},"end":{"line":209,"column":4}},"209":{"start":{"line":210,"column":0},"end":{"line":210,"column":5}},"210":{"start":{"line":211,"column":0},"end":{"line":211,"column":25}},"211":{"start":{"line":212,"column":0},"end":{"line":212,"column":31}},"212":{"start":{"line":213,"column":0},"end":{"line":213,"column":42}},"213":{"start":{"line":214,"column":0},"end":{"line":214,"column":4}},"214":{"start":{"line":215,"column":0},"end":{"line":215,"column":1}},"215":{"start":{"line":216,"column":0},"end":{"line":216,"column":3}},"216":{"start":{"line":217,"column":0},"end":{"line":217,"column":73}},"217":{"start":{"line":218,"column":0},"end":{"line":218,"column":2}},"218":{"start":{"line":219,"column":0},"end":{"line":219,"column":34}},"219":{"start":{"line":220,"column":0},"end":{"line":220,"column":35}},"220":{"start":{"line":221,"column":0},"end":{"line":221,"column":43}},"221":{"start":{"line":222,"column":0},"end":{"line":222,"column":43}},"222":{"start":{"line":223,"column":0},"end":{"line":223,"column":17}},"223":{"start":{"line":224,"column":0},"end":{"line":224,"column":1}},"224":{"start":{"line":225,"column":0},"end":{"line":225,"column":50}},"225":{"start":{"line":226,"column":0},"end":{"line":226,"column":31}},"226":{"start":{"line":227,"column":0},"end":{"line":227,"column":110}},"227":{"start":{"line":228,"column":0},"end":{"line":228,"column":1}},"228":{"start":{"line":229,"column":0},"end":{"line":229,"column":38}},"229":{"start":{"line":230,"column":0},"end":{"line":230,"column":87}},"230":{"start":{"line":231,"column":0},"end":{"line":231,"column":86}},"231":{"start":{"line":232,"column":0},"end":{"line":232,"column":136}},"232":{"start":{"line":233,"column":0},"end":{"line":233,"column":1}},"233":{"start":{"line":234,"column":0},"end":{"line":234,"column":35}},"234":{"start":{"line":235,"column":0},"end":{"line":235,"column":10}},"235":{"start":{"line":236,"column":0},"end":{"line":236,"column":13}},"236":{"start":{"line":237,"column":0},"end":{"line":237,"column":135}},"237":{"start":{"line":238,"column":0},"end":{"line":238,"column":13}},"238":{"start":{"line":239,"column":0},"end":{"line":239,"column":50}},"239":{"start":{"line":240,"column":0},"end":{"line":240,"column":3}},"240":{"start":{"line":241,"column":0},"end":{"line":241,"column":1}},"241":{"start":{"line":242,"column":0},"end":{"line":242,"column":0}},"242":{"start":{"line":243,"column":0},"end":{"line":243,"column":0}},"243":{"start":{"line":244,"column":0},"end":{"line":244,"column":26}},"244":{"start":{"line":245,"column":0},"end":{"line":245,"column":9}},"245":{"start":{"line":246,"column":0},"end":{"line":246,"column":12}},"246":{"start":{"line":247,"column":0},"end":{"line":247,"column":10}},"247":{"start":{"line":248,"column":0},"end":{"line":248,"column":20}},"248":{"start":{"line":249,"column":0},"end":{"line":249,"column":20}},"249":{"start":{"line":250,"column":0},"end":{"line":250,"column":19}},"250":{"start":{"line":251,"column":0},"end":{"line":251,"column":11}},"251":{"start":{"line":252,"column":0},"end":{"line":252,"column":15}},"252":{"start":{"line":253,"column":0},"end":{"line":253,"column":10}},"253":{"start":{"line":254,"column":0},"end":{"line":254,"column":19}},"254":{"start":{"line":255,"column":0},"end":{"line":255,"column":19}},"255":{"start":{"line":256,"column":0},"end":{"line":256,"column":21}},"256":{"start":{"line":257,"column":0},"end":{"line":257,"column":15}},"257":{"start":{"line":258,"column":0},"end":{"line":258,"column":19}},"258":{"start":{"line":259,"column":0},"end":{"line":259,"column":1}}},"s":{"0":1,"1":1,"2":2,"3":2,"4":2,"5":1,"6":2,"7":1,"8":0,"9":0,"10":0,"11":0,"12":0,"13":0,"14":0,"15":0,"16":0,"17":0,"18":0,"19":0,"20":0,"21":0,"22":0,"23":0,"24":0,"25":0,"26":0,"27":0,"28":0,"29":0,"30":0,"31":0,"32":0,"33":0,"34":0,"35":0,"36":0,"37":1,"38":0,"39":0,"40":0,"41":0,"42":0,"43":0,"44":0,"45":0,"46":0,"47":0,"48":0,"49":0,"50":0,"51":0,"52":0,"53":0,"54":0,"55":0,"56":0,"57":0,"58":0,"59":0,"60":0,"61":0,"62":0,"63":0,"64":0,"65":0,"66":0,"67":0,"68":0,"69":0,"70":0,"71":0,"72":0,"73":0,"74":0,"75":0,"76":0,"77":1,"78":0,"79":0,"80":0,"81":0,"82":0,"83":0,"84":0,"85":0,"86":0,"87":0,"88":0,"89":0,"90":0,"91":0,"92":0,"93":0,"94":0,"95":0,"96":0,"97":0,"98":0,"99":0,"100":0,"101":0,"102":0,"103":0,"104":0,"105":0,"106":0,"107":0,"108":0,"109":0,"110":0,"111":0,"112":0,"113":0,"114":0,"115":0,"116":0,"117":0,"118":0,"119":0,"120":1,"121":0,"122":0,"123":0,"124":0,"125":0,"126":0,"127":0,"128":0,"129":0,"130":0,"131":0,"132":0,"133":0,"134":0,"135":0,"136":0,"137":0,"138":0,"139":0,"140":0,"141":0,"142":1,"143":0,"144":0,"145":0,"146":0,"147":0,"148":0,"149":0,"150":0,"151":0,"152":0,"153":0,"154":0,"155":0,"156":0,"157":0,"158":0,"159":0,"160":0,"161":0,"162":0,"163":0,"164":0,"165":0,"166":0,"167":0,"168":0,"169":0,"170":0,"171":0,"172":0,"173":1,"174":0,"175":0,"176":0,"177":0,"178":0,"179":0,"180":0,"181":0,"182":0,"183":0,"184":0,"185":1,"186":0,"187":0,"188":0,"189":0,"190":0,"191":0,"192":0,"193":1,"194":1,"195":1,"196":1,"197":1,"198":1,"199":0,"200":0,"201":0,"202":0,"203":0,"204":0,"205":0,"206":0,"207":0,"208":0,"209":0,"210":0,"211":1,"212":1,"213":1,"214":1,"215":0,"216":0,"217":0,"218":0,"219":0,"220":1,"221":0,"222":0,"223":0,"224":0,"225":0,"226":1,"227":0,"228":0,"229":0,"230":0,"231":1,"232":5,"233":5,"234":5,"235":5,"236":1,"237":1,"238":1,"239":1,"240":1,"241":1,"242":1,"243":1,"244":1,"245":1,"246":1,"247":1,"248":1,"249":1,"250":1,"251":1,"252":1,"253":1,"254":1,"255":1,"256":1,"257":1,"258":1},"branchMap":{"0":{"type":"branch","line":1,"loc":{"start":{"line":1,"column":0},"end":{"line":254,"column":17}},"locations":[{"start":{"line":1,"column":0},"end":{"line":254,"column":17}}]},"1":{"type":"branch","line":2,"loc":{"start":{"line":2,"column":29},"end":{"line":6,"column":16}},"locations":[{"start":{"line":2,"column":29},"end":{"line":6,"column":16}}]},"2":{"type":"branch","line":6,"loc":{"start":{"line":6,"column":24},"end":{"line":8,"column":14}},"locations":[{"start":{"line":6,"column":24},"end":{"line":8,"column":14}}]},"3":{"type":"branch","line":7,"loc":{"start":{"line":7,"column":60},"end":{"line":8,"column":12}},"locations":[{"start":{"line":7,"column":60},"end":{"line":8,"column":12}}]},"4":{"type":"branch","line":232,"loc":{"start":{"line":232,"column":57},"end":{"line":237,"column":124}},"locations":[{"start":{"line":232,"column":57},"end":{"line":237,"column":124}}]},"5":{"type":"branch","line":234,"loc":{"start":{"line":234,"column":11},"end":{"line":234,"column":24}},"locations":[{"start":{"line":234,"column":11},"end":{"line":234,"column":24}}]},"6":{"type":"branch","line":234,"loc":{"start":{"line":234,"column":25},"end":{"line":234,"column":28}},"locations":[{"start":{"line":234,"column":25},"end":{"line":234,"column":28}}]},"7":{"type":"branch","line":237,"loc":{"start":{"line":237,"column":100},"end":{"line":237,"column":103}},"locations":[{"start":{"line":237,"column":100},"end":{"line":237,"column":103}}]},"8":{"type":"branch","line":237,"loc":{"start":{"line":237,"column":104},"end":{"line":237,"column":117}},"locations":[{"start":{"line":237,"column":104},"end":{"line":237,"column":117}}]}},"b":{"0":[1],"1":[2],"2":[2],"3":[0],"4":[5],"5":[2],"6":[3],"7":[2],"8":[3]},"fnMap":{"0":{"name":"newGame","decl":{"start":{"line":2,"column":29},"end":{"line":6,"column":16}},"loc":{"start":{"line":2,"column":29},"end":{"line":6,"column":16}},"line":2},"1":{"name":"opponentOf","decl":{"start":{"line":6,"column":24},"end":{"line":8,"column":14}},"loc":{"start":{"line":6,"column":24},"end":{"line":8,"column":14}},"line":6},"2":{"name":"gameStep","decl":{"start":{"line":8,"column":22},"end":{"line":38,"column":73}},"loc":{"start":{"line":8,"column":22},"end":{"line":38,"column":73}},"line":8},"3":{"name":"handleInputPlacing","decl":{"start":{"line":38,"column":74},"end":{"line":78,"column":23}},"loc":{"start":{"line":38,"column":74},"end":{"line":78,"column":23}},"line":38},"4":{"name":"handleInputBombing","decl":{"start":{"line":78,"column":26},"end":{"line":121,"column":34}},"loc":{"start":{"line":78,"column":26},"end":{"line":121,"column":34}},"line":78},"5":{"name":"hotItemAccounting","decl":{"start":{"line":121,"column":36},"end":{"line":143,"column":10}},"loc":{"start":{"line":121,"column":36},"end":{"line":143,"column":10}},"line":121},"6":{"name":"placeBomb","decl":{"start":{"line":143,"column":12},"end":{"line":174,"column":18}},"loc":{"start":{"line":143,"column":12},"end":{"line":174,"column":18}},"line":143},"7":{"name":"hitAccounting","decl":{"start":{"line":174,"column":20},"end":{"line":186,"column":2}},"loc":{"start":{"line":174,"column":20},"end":{"line":186,"column":2}},"line":174},"8":{"name":"passTurn","decl":{"start":{"line":186,"column":3},"end":{"line":194,"column":25}},"loc":{"start":{"line":186,"column":3},"end":{"line":194,"column":25}},"line":186},"9":{"name":"clampShipPosition","decl":{"start":{"line":200,"column":-1},"end":{"line":211,"column":25}},"loc":{"start":{"line":200,"column":-1},"end":{"line":211,"column":25}},"line":200},"10":{"name":"clampBombPosition","decl":{"start":{"line":216,"column":-1},"end":{"line":221,"column":25}},"loc":{"start":{"line":216,"column":-1},"end":{"line":221,"column":25}},"line":216},"11":{"name":"markOverlappingShip","decl":{"start":{"line":221,"column":26},"end":{"line":227,"column":30}},"loc":{"start":{"line":221,"column":26},"end":{"line":227,"column":30}},"line":221},"12":{"name":"isOverlapping","decl":{"start":{"line":227,"column":31},"end":{"line":232,"column":56}},"loc":{"start":{"line":227,"column":31},"end":{"line":232,"column":56}},"line":227},"13":{"name":"getShipBoundingBox","decl":{"start":{"line":232,"column":57},"end":{"line":237,"column":124}},"loc":{"start":{"line":232,"column":57},"end":{"line":237,"column":124}},"line":232}},"f":{"0":2,"1":2,"2":0,"3":0,"4":0,"5":0,"6":0,"7":0,"8":0,"9":0,"10":0,"11":0,"12":0,"13":5}}
,"/home/rbn/bs/battleship/public/underscore.js": {"path":"/home/rbn/bs/battleship/public/underscore.js","all":false,"statementMap":{"0":{"start":{"line":1,"column":0},"end":{"line":1,"column":27}},"1":{"start":{"line":2,"column":0},"end":{"line":2,"column":31}},"2":{"start":{"line":3,"column":0},"end":{"line":3,"column":111}},"3":{"start":{"line":4,"column":0},"end":{"line":4,"column":66}},"4":{"start":{"line":5,"column":0},"end":{"line":5,"column":25472}}},"s":{"0":1,"1":1,"2":1,"3":1,"4":1},"branchMap":{"0":{"type":"branch","line":1,"loc":{"start":{"line":1,"column":0},"end":{"line":5,"column":25390}},"locations":[{"start":{"line":1,"column":0},"end":{"line":5,"column":25390}}]},"1":{"type":"branch","line":4,"loc":{"start":{"line":4,"column":32},"end":{"line":4,"column":56}},"locations":[{"start":{"line":4,"column":32},"end":{"line":4,"column":56}}]},"2":{"type":"branch","line":5,"loc":{"start":{"line":5,"column":46},"end":{"line":5,"column":77}},"locations":[{"start":{"line":5,"column":46},"end":{"line":5,"column":77}}]},"3":{"type":"branch","line":5,"loc":{"start":{"line":5,"column":186},"end":{"line":5,"column":191}},"locations":[{"start":{"line":5,"column":186},"end":{"line":5,"column":191}}]},"4":{"type":"branch","line":5,"loc":{"start":{"line":5,"column":1788},"end":{"line":5,"column":1814}},"locations":[{"start":{"line":5,"column":1788},"end":{"line":5,"column":1814}}]},"5":{"type":"branch","line":5,"loc":{"start":{"line":5,"column":2305},"end":{"line":5,"column":2320}},"locations":[{"start":{"line":5,"column":2305},"end":{"line":5,"column":2320}}]},"6":{"type":"branch","line":5,"loc":{"start":{"line":5,"column":2353},"end":{"line":5,"column":2373}},"locations":[{"start":{"line":5,"column":2353},"end":{"line":5,"column":2373}}]},"7":{"type":"branch","line":5,"loc":{"start":{"line":5,"column":3350},"end":{"line":5,"column":3363}},"locations":[{"start":{"line":5,"column":3350},"end":{"line":5,"column":3363}}]},"8":{"type":"branch","line":5,"loc":{"start":{"line":5,"column":6919},"end":{"line":5,"column":6947}},"locations":[{"start":{"line":5,"column":6919},"end":{"line":5,"column":6947}}]},"9":{"type":"branch","line":5,"loc":{"start":{"line":5,"column":6981},"end":{"line":5,"column":7013}},"locations":[{"start":{"line":5,"column":6981},"end":{"line":5,"column":7013}}]},"10":{"type":"branch","line":5,"loc":{"start":{"line":5,"column":7047},"end":{"line":5,"column":7075}},"locations":[{"start":{"line":5,"column":7047},"end":{"line":5,"column":7075}}]},"11":{"type":"branch","line":5,"loc":{"start":{"line":5,"column":9760},"end":{"line":5,"column":9800}},"locations":[{"start":{"line":5,"column":9760},"end":{"line":5,"column":9800}}]},"12":{"type":"branch","line":5,"loc":{"start":{"line":5,"column":772},"end":{"line":5,"column":1144}},"locations":[{"start":{"line":5,"column":772},"end":{"line":5,"column":1144}}]},"13":{"type":"branch","line":5,"loc":{"start":{"line":5,"column":827},"end":{"line":5,"column":830}},"locations":[{"start":{"line":5,"column":827},"end":{"line":5,"column":830}}]},"14":{"type":"branch","line":5,"loc":{"start":{"line":5,"column":831},"end":{"line":5,"column":1143}},"locations":[{"start":{"line":5,"column":831},"end":{"line":5,"column":1143}}]},"15":{"type":"branch","line":5,"loc":{"start":{"line":5,"column":906},"end":{"line":5,"column":926}},"locations":[{"start":{"line":5,"column":906},"end":{"line":5,"column":926}}]},"16":{"type":"branch","line":5,"loc":{"start":{"line":5,"column":936},"end":{"line":5,"column":965}},"locations":[{"start":{"line":5,"column":936},"end":{"line":5,"column":965}}]},"17":{"type":"branch","line":5,"loc":{"start":{"line":5,"column":1007},"end":{"line":5,"column":1061}},"locations":[{"start":{"line":5,"column":1007},"end":{"line":5,"column":1061}}]},"18":{"type":"branch","line":5,"loc":{"start":{"line":5,"column":1062},"end":{"line":5,"column":1142}},"locations":[{"start":{"line":5,"column":1062},"end":{"line":5,"column":1142}}]},"19":{"type":"branch","line":5,"loc":{"start":{"line":5,"column":1144},"end":{"line":5,"column":1220}},"locations":[{"start":{"line":5,"column":1144},"end":{"line":5,"column":1220}}]},"20":{"type":"branch","line":5,"loc":{"start":{"line":5,"column":1214},"end":{"line":5,"column":1219}},"locations":[{"start":{"line":5,"column":1214},"end":{"line":5,"column":1219}}]},"21":{"type":"branch","line":5,"loc":{"start":{"line":5,"column":1429},"end":{"line":5,"column":1522}},"locations":[{"start":{"line":5,"column":1429},"end":{"line":5,"column":1522}}]},"22":{"type":"branch","line":5,"loc":{"start":{"line":5,"column":1481},"end":{"line":5,"column":1521}},"locations":[{"start":{"line":5,"column":1481},"end":{"line":5,"column":1521}}]},"23":{"type":"branch","line":5,"loc":{"start":{"line":5,"column":1907},"end":{"line":5,"column":1950}},"locations":[{"start":{"line":5,"column":1907},"end":{"line":5,"column":1950}}]},"24":{"type":"branch","line":5,"loc":{"start":{"line":5,"column":1945},"end":{"line":5,"column":1949}},"locations":[{"start":{"line":5,"column":1945},"end":{"line":5,"column":1949}}]},"25":{"type":"branch","line":5,"loc":{"start":{"line":5,"column":2475},"end":{"line":5,"column":2562}},"locations":[{"start":{"line":5,"column":2475},"end":{"line":5,"column":2562}}]},"26":{"type":"branch","line":5,"loc":{"start":{"line":5,"column":2508},"end":{"line":5,"column":2561}},"locations":[{"start":{"line":5,"column":2508},"end":{"line":5,"column":2561}}]},"27":{"type":"branch","line":5,"loc":{"start":{"line":5,"column":2773},"end":{"line":5,"column":2891}},"locations":[{"start":{"line":5,"column":2773},"end":{"line":5,"column":2891}}]},"28":{"type":"branch","line":5,"loc":{"start":{"line":5,"column":2816},"end":{"line":5,"column":2890}},"locations":[{"start":{"line":5,"column":2816},"end":{"line":5,"column":2890}}]},"29":{"type":"branch","line":5,"loc":{"start":{"line":5,"column":2891},"end":{"line":5,"column":2966}},"locations":[{"start":{"line":5,"column":2891},"end":{"line":5,"column":2966}}]},"30":{"type":"branch","line":5,"loc":{"start":{"line":5,"column":2926},"end":{"line":5,"column":2965}},"locations":[{"start":{"line":5,"column":2926},"end":{"line":5,"column":2965}}]},"31":{"type":"branch","line":5,"loc":{"start":{"line":5,"column":2952},"end":{"line":5,"column":2959}},"locations":[{"start":{"line":5,"column":2952},"end":{"line":5,"column":2959}}]},"32":{"type":"branch","line":5,"loc":{"start":{"line":5,"column":3829},"end":{"line":5,"column":3998}},"locations":[{"start":{"line":5,"column":3829},"end":{"line":5,"column":3998}}]},"33":{"type":"branch","line":5,"loc":{"start":{"line":5,"column":3862},"end":{"line":5,"column":3871}},"locations":[{"start":{"line":5,"column":3862},"end":{"line":5,"column":3871}}]},"34":{"type":"branch","line":5,"loc":{"start":{"line":5,"column":3906},"end":{"line":5,"column":3995}},"locations":[{"start":{"line":5,"column":3906},"end":{"line":5,"column":3995}}]},"35":{"type":"branch","line":5,"loc":{"start":{"line":5,"column":7316},"end":{"line":5,"column":7406}},"locations":[{"start":{"line":5,"column":7316},"end":{"line":5,"column":7406}}]},"36":{"type":"branch","line":5,"loc":{"start":{"line":5,"column":7381},"end":{"line":5,"column":7397}},"locations":[{"start":{"line":5,"column":7381},"end":{"line":5,"column":7397}}]},"37":{"type":"branch","line":5,"loc":{"start":{"line":5,"column":7406},"end":{"line":5,"column":7498}},"locations":[{"start":{"line":5,"column":7406},"end":{"line":5,"column":7498}}]},"38":{"type":"branch","line":5,"loc":{"start":{"line":5,"column":7452},"end":{"line":5,"column":7482}},"locations":[{"start":{"line":5,"column":7452},"end":{"line":5,"column":7482}}]},"39":{"type":"branch","line":5,"loc":{"start":{"line":5,"column":7470},"end":{"line":5,"column":7481}},"locations":[{"start":{"line":5,"column":7470},"end":{"line":5,"column":7481}}]},"40":{"type":"branch","line":5,"loc":{"start":{"line":5,"column":7498},"end":{"line":5,"column":7736}},"locations":[{"start":{"line":5,"column":7498},"end":{"line":5,"column":7736}}]},"41":{"type":"branch","line":5,"loc":{"start":{"line":5,"column":8752},"end":{"line":5,"column":9027}},"locations":[{"start":{"line":5,"column":8752},"end":{"line":5,"column":9027}}]},"42":{"type":"branch","line":5,"loc":{"start":{"line":5,"column":8802},"end":{"line":5,"column":8820}},"locations":[{"start":{"line":5,"column":8802},"end":{"line":5,"column":8820}}]},"43":{"type":"branch","line":5,"loc":{"start":{"line":5,"column":8822},"end":{"line":5,"column":8979}},"locations":[{"start":{"line":5,"column":8822},"end":{"line":5,"column":8979}}]},"44":{"type":"branch","line":5,"loc":{"start":{"line":5,"column":8980},"end":{"line":5,"column":9026}},"locations":[{"start":{"line":5,"column":8980},"end":{"line":5,"column":9026}}]},"45":{"type":"branch","line":5,"loc":{"start":{"line":5,"column":9027},"end":{"line":5,"column":9162}},"locations":[{"start":{"line":5,"column":9027},"end":{"line":5,"column":9162}}]},"46":{"type":"branch","line":5,"loc":{"start":{"line":5,"column":9070},"end":{"line":5,"column":9079}},"locations":[{"start":{"line":5,"column":9070},"end":{"line":5,"column":9079}}]},"47":{"type":"branch","line":5,"loc":{"start":{"line":5,"column":9113},"end":{"line":5,"column":9161}},"locations":[{"start":{"line":5,"column":9113},"end":{"line":5,"column":9161}}]},"48":{"type":"branch","line":5,"loc":{"start":{"line":5,"column":9214},"end":{"line":5,"column":9302}},"locations":[{"start":{"line":5,"column":9214},"end":{"line":5,"column":9302}}]},"49":{"type":"branch","line":5,"loc":{"start":{"line":5,"column":9263},"end":{"line":5,"column":9281}},"locations":[{"start":{"line":5,"column":9263},"end":{"line":5,"column":9281}}]},"50":{"type":"branch","line":5,"loc":{"start":{"line":5,"column":9302},"end":{"line":5,"column":9422}},"locations":[{"start":{"line":5,"column":9302},"end":{"line":5,"column":9422}}]},"51":{"type":"branch","line":5,"loc":{"start":{"line":5,"column":9384},"end":{"line":5,"column":9413}},"locations":[{"start":{"line":5,"column":9384},"end":{"line":5,"column":9413}}]},"52":{"type":"branch","line":5,"loc":{"start":{"line":5,"column":9801},"end":{"line":5,"column":9988}},"locations":[{"start":{"line":5,"column":9801},"end":{"line":5,"column":9988}}]},"53":{"type":"branch","line":5,"loc":{"start":{"line":5,"column":11885},"end":{"line":5,"column":12113}},"locations":[{"start":{"line":5,"column":11885},"end":{"line":5,"column":12113}}]},"54":{"type":"branch","line":5,"loc":{"start":{"line":5,"column":12164},"end":{"line":5,"column":12346}},"locations":[{"start":{"line":5,"column":12164},"end":{"line":5,"column":12346}}]},"55":{"type":"branch","line":5,"loc":{"start":{"line":5,"column":12732},"end":{"line":5,"column":12895}},"locations":[{"start":{"line":5,"column":12732},"end":{"line":5,"column":12895}}]},"56":{"type":"branch","line":5,"loc":{"start":{"line":5,"column":13088},"end":{"line":5,"column":13162}},"locations":[{"start":{"line":5,"column":13088},"end":{"line":5,"column":13162}}]},"57":{"type":"branch","line":5,"loc":{"start":{"line":5,"column":14449},"end":{"line":5,"column":14605}},"locations":[{"start":{"line":5,"column":14449},"end":{"line":5,"column":14605}}]},"58":{"type":"branch","line":5,"loc":{"start":{"line":5,"column":14831},"end":{"line":5,"column":15154}},"locations":[{"start":{"line":5,"column":14831},"end":{"line":5,"column":15154}}]},"59":{"type":"branch","line":5,"loc":{"start":{"line":5,"column":15410},"end":{"line":5,"column":15587}},"locations":[{"start":{"line":5,"column":15410},"end":{"line":5,"column":15587}}]},"60":{"type":"branch","line":5,"loc":{"start":{"line":5,"column":15502},"end":{"line":5,"column":15514}},"locations":[{"start":{"line":5,"column":15502},"end":{"line":5,"column":15514}}]},"61":{"type":"branch","line":5,"loc":{"start":{"line":5,"column":15514},"end":{"line":5,"column":15578}},"locations":[{"start":{"line":5,"column":15514},"end":{"line":5,"column":15578}}]},"62":{"type":"branch","line":5,"loc":{"start":{"line":5,"column":15587},"end":{"line":5,"column":15733}},"locations":[{"start":{"line":5,"column":15587},"end":{"line":5,"column":15733}}]},"63":{"type":"branch","line":5,"loc":{"start":{"line":5,"column":15642},"end":{"line":5,"column":15651}},"locations":[{"start":{"line":5,"column":15642},"end":{"line":5,"column":15651}}]},"64":{"type":"branch","line":5,"loc":{"start":{"line":5,"column":15691},"end":{"line":5,"column":15724}},"locations":[{"start":{"line":5,"column":15691},"end":{"line":5,"column":15724}}]},"65":{"type":"branch","line":5,"loc":{"start":{"line":5,"column":15699},"end":{"line":5,"column":15704}},"locations":[{"start":{"line":5,"column":15699},"end":{"line":5,"column":15704}}]},"66":{"type":"branch","line":5,"loc":{"start":{"line":5,"column":15733},"end":{"line":5,"column":16012}},"locations":[{"start":{"line":5,"column":15733},"end":{"line":5,"column":16012}}]},"67":{"type":"branch","line":5,"loc":{"start":{"line":5,"column":16649},"end":{"line":5,"column":16868}},"locations":[{"start":{"line":5,"column":16649},"end":{"line":5,"column":16868}}]},"68":{"type":"branch","line":5,"loc":{"start":{"line":5,"column":18127},"end":{"line":5,"column":18258}},"locations":[{"start":{"line":5,"column":18127},"end":{"line":5,"column":18258}}]},"69":{"type":"branch","line":5,"loc":{"start":{"line":5,"column":18277},"end":{"line":5,"column":18326}},"locations":[{"start":{"line":5,"column":18277},"end":{"line":5,"column":18326}}]},"70":{"type":"branch","line":5,"loc":{"start":{"line":5,"column":18344},"end":{"line":5,"column":18367}},"locations":[{"start":{"line":5,"column":18344},"end":{"line":5,"column":18367}}]},"71":{"type":"branch","line":5,"loc":{"start":{"line":5,"column":18385},"end":{"line":5,"column":18426}},"locations":[{"start":{"line":5,"column":18385},"end":{"line":5,"column":18426}}]},"72":{"type":"branch","line":5,"loc":{"start":{"line":5,"column":18446},"end":{"line":5,"column":18479}},"locations":[{"start":{"line":5,"column":18446},"end":{"line":5,"column":18479}}]},"73":{"type":"branch","line":5,"loc":{"start":{"line":5,"column":18831},"end":{"line":5,"column":19071}},"locations":[{"start":{"line":5,"column":18831},"end":{"line":5,"column":19071}}]},"74":{"type":"branch","line":5,"loc":{"start":{"line":5,"column":19094},"end":{"line":5,"column":19264}},"locations":[{"start":{"line":5,"column":19094},"end":{"line":5,"column":19264}}]},"75":{"type":"branch","line":5,"loc":{"start":{"line":5,"column":19764},"end":{"line":5,"column":19852}},"locations":[{"start":{"line":5,"column":19764},"end":{"line":5,"column":19852}}]},"76":{"type":"branch","line":5,"loc":{"start":{"line":5,"column":19878},"end":{"line":5,"column":19915}},"locations":[{"start":{"line":5,"column":19878},"end":{"line":5,"column":19915}}]},"77":{"type":"branch","line":5,"loc":{"start":{"line":5,"column":20193},"end":{"line":5,"column":20237}},"locations":[{"start":{"line":5,"column":20193},"end":{"line":5,"column":20237}}]},"78":{"type":"branch","line":5,"loc":{"start":{"line":5,"column":20990},"end":{"line":5,"column":21186}},"locations":[{"start":{"line":5,"column":20990},"end":{"line":5,"column":21186}}]},"79":{"type":"branch","line":5,"loc":{"start":{"line":5,"column":21034},"end":{"line":5,"column":21179}},"locations":[{"start":{"line":5,"column":21034},"end":{"line":5,"column":21179}}]},"80":{"type":"branch","line":5,"loc":{"start":{"line":5,"column":21251},"end":{"line":5,"column":21444}},"locations":[{"start":{"line":5,"column":21251},"end":{"line":5,"column":21444}}]},"81":{"type":"branch","line":5,"loc":{"start":{"line":5,"column":21479},"end":{"line":5,"column":21621}},"locations":[{"start":{"line":5,"column":21479},"end":{"line":5,"column":21621}}]}},"b":{"0":[1],"1":[0],"2":[0],"3":[0],"4":[0],"5":[0],"6":[0],"7":[0],"8":[0],"9":[0],"10":[0],"11":[0],"12":[11],"13":[0],"14":[2],"15":[3],"16":[0],"17":[0],"18":[0],"19":[209],"20":[61],"21":[15],"22":[3],"23":[186],"24":[2],"25":[1],"26":[0],"27":[2],"28":[15],"29":[2],"30":[15],"31":[0],"32":[31],"33":[0],"34":[0],"35":[1],"36":[6],"37":[1],"38":[146],"39":[144],"40":[3],"41":[43],"42":[0],"43":[0],"44":[0],"45":[40],"46":[0],"47":[0],"48":[40],"49":[0],"50":[28],"51":[168],"52":[2],"53":[2],"54":[0],"55":[0],"56":[0],"57":[2],"58":[2],"59":[3],"60":[154],"61":[0],"62":[12],"63":[0],"64":[16],"65":[0],"66":[2],"67":[0],"68":[4],"69":[0],"70":[0],"71":[0],"72":[0],"73":[0],"74":[0],"75":[0],"76":[0],"77":[0],"78":[1],"79":[144],"80":[7],"81":[3]},"fnMap":{"0":{"name":"restArguments","decl":{"start":{"line":5,"column":772},"end":{"line":5,"column":1144}},"loc":{"start":{"line":5,"column":772},"end":{"line":5,"column":1144}},"line":5},"1":{"name":"isObject","decl":{"start":{"line":5,"column":1144},"end":{"line":5,"column":1220}},"loc":{"start":{"line":5,"column":1144},"end":{"line":5,"column":1220}},"line":5},"2":{"name":"isNull","decl":{"start":{"line":5,"column":1220},"end":{"line":5,"column":1255}},"loc":{"start":{"line":5,"column":1220},"end":{"line":5,"column":1255}},"line":5},"3":{"name":"isUndefined","decl":{"start":{"line":5,"column":1255},"end":{"line":5,"column":1297}},"loc":{"start":{"line":5,"column":1255},"end":{"line":5,"column":1297}},"line":5},"4":{"name":"isBoolean","decl":{"start":{"line":5,"column":1297},"end":{"line":5,"column":1379}},"loc":{"start":{"line":5,"column":1297},"end":{"line":5,"column":1379}},"line":5},"5":{"name":"isElement","decl":{"start":{"line":5,"column":1379},"end":{"line":5,"column":1429}},"loc":{"start":{"line":5,"column":1379},"end":{"line":5,"column":1429}},"line":5},"6":{"name":"tagTester","decl":{"start":{"line":5,"column":1429},"end":{"line":5,"column":1522}},"loc":{"start":{"line":5,"column":1429},"end":{"line":5,"column":1522}},"line":5},"7":{"name":"isFunction","decl":{"start":{"line":5,"column":1907},"end":{"line":5,"column":1950}},"loc":{"start":{"line":5,"column":1907},"end":{"line":5,"column":1950}},"line":5},"8":{"name":"ie10IsDataView","decl":{"start":{"line":5,"column":2181},"end":{"line":5,"column":2273}},"loc":{"start":{"line":5,"column":2181},"end":{"line":5,"column":2273}},"line":5},"9":{"name":"has$1","decl":{"start":{"line":5,"column":2374},"end":{"line":5,"column":2435}},"loc":{"start":{"line":5,"column":2374},"end":{"line":5,"column":2435}},"line":5},"10":{"name":"isArguments","decl":{"start":{"line":5,"column":2523},"end":{"line":5,"column":2560}},"loc":{"start":{"line":5,"column":2523},"end":{"line":5,"column":2560}},"line":5},"11":{"name":"isFinite$1","decl":{"start":{"line":5,"column":2595},"end":{"line":5,"column":2674}},"loc":{"start":{"line":5,"column":2595},"end":{"line":5,"column":2674}},"line":5},"12":{"name":"isNaN$1","decl":{"start":{"line":5,"column":2674},"end":{"line":5,"column":2724}},"loc":{"start":{"line":5,"column":2674},"end":{"line":5,"column":2724}},"line":5},"13":{"name":"constant","decl":{"start":{"line":5,"column":2724},"end":{"line":5,"column":2773}},"loc":{"start":{"line":5,"column":2724},"end":{"line":5,"column":2773}},"line":5},"14":{"name":"createSizePropertyCheck","decl":{"start":{"line":5,"column":2773},"end":{"line":5,"column":2891}},"loc":{"start":{"line":5,"column":2773},"end":{"line":5,"column":2891}},"line":5},"15":{"name":"shallowProperty","decl":{"start":{"line":5,"column":2891},"end":{"line":5,"column":2966}},"loc":{"start":{"line":5,"column":2891},"end":{"line":5,"column":2966}},"line":5},"16":{"name":"isTypedArray","decl":{"start":{"line":5,"column":3162},"end":{"line":5,"column":3299}},"loc":{"start":{"line":5,"column":3162},"end":{"line":5,"column":3299}},"line":5},"17":{"name":"emulatedSet","decl":{"start":{"line":5,"column":3400},"end":{"line":5,"column":3556}},"loc":{"start":{"line":5,"column":3400},"end":{"line":5,"column":3556}},"line":5},"18":{"name":"collectNonEnumProps","decl":{"start":{"line":5,"column":3556},"end":{"line":5,"column":3829}},"loc":{"start":{"line":5,"column":3556},"end":{"line":5,"column":3829}},"line":5},"19":{"name":"keys","decl":{"start":{"line":5,"column":3829},"end":{"line":5,"column":3998}},"loc":{"start":{"line":5,"column":3829},"end":{"line":5,"column":3998}},"line":5},"20":{"name":"isEmpty","decl":{"start":{"line":5,"column":3998},"end":{"line":5,"column":4156}},"loc":{"start":{"line":5,"column":3998},"end":{"line":5,"column":4156}},"line":5},"21":{"name":"isMatch","decl":{"start":{"line":5,"column":4156},"end":{"line":5,"column":4311}},"loc":{"start":{"line":5,"column":4156},"end":{"line":5,"column":4311}},"line":5},"22":{"name":"_$1","decl":{"start":{"line":5,"column":4311},"end":{"line":5,"column":4406}},"loc":{"start":{"line":5,"column":4311},"end":{"line":5,"column":4406}},"line":5},"23":{"name":"toBufferView","decl":{"start":{"line":5,"column":4406},"end":{"line":5,"column":4499}},"loc":{"start":{"line":5,"column":4406},"end":{"line":5,"column":4499}},"line":5},"24":{"name":"_$1.value","decl":{"start":{"line":5,"column":4539},"end":{"line":5,"column":4571}},"loc":{"start":{"line":5,"column":4539},"end":{"line":5,"column":4571}},"line":5},"25":{"name":"_$1.toString","decl":{"start":{"line":5,"column":4658},"end":{"line":5,"column":4698}},"loc":{"start":{"line":5,"column":4658},"end":{"line":5,"column":4698}},"line":5},"26":{"name":"eq","decl":{"start":{"line":5,"column":4735},"end":{"line":5,"column":4926}},"loc":{"start":{"line":5,"column":4735},"end":{"line":5,"column":4926}},"line":5},"27":{"name":"deepEq","decl":{"start":{"line":5,"column":4926},"end":{"line":5,"column":6254}},"loc":{"start":{"line":5,"column":4926},"end":{"line":5,"column":6254}},"line":5},"28":{"name":"isEqual","decl":{"start":{"line":5,"column":6254},"end":{"line":5,"column":6291}},"loc":{"start":{"line":5,"column":6254},"end":{"line":5,"column":6291}},"line":5},"29":{"name":"allKeys","decl":{"start":{"line":5,"column":6291},"end":{"line":5,"column":6416}},"loc":{"start":{"line":5,"column":6291},"end":{"line":5,"column":6416}},"line":5},"30":{"name":"ie11fingerprint","decl":{"start":{"line":5,"column":6416},"end":{"line":5,"column":6657}},"loc":{"start":{"line":5,"column":6416},"end":{"line":5,"column":6657}},"line":5},"31":{"name":"values","decl":{"start":{"line":5,"column":7124},"end":{"line":5,"column":7217}},"loc":{"start":{"line":5,"column":7124},"end":{"line":5,"column":7217}},"line":5},"32":{"name":"pairs","decl":{"start":{"line":5,"column":7217},"end":{"line":5,"column":7316}},"loc":{"start":{"line":5,"column":7217},"end":{"line":5,"column":7316}},"line":5},"33":{"name":"invert","decl":{"start":{"line":5,"column":7316},"end":{"line":5,"column":7406}},"loc":{"start":{"line":5,"column":7316},"end":{"line":5,"column":7406}},"line":5},"34":{"name":"functions","decl":{"start":{"line":5,"column":7406},"end":{"line":5,"column":7498}},"loc":{"start":{"line":5,"column":7406},"end":{"line":5,"column":7498}},"line":5},"35":{"name":"createAssigner","decl":{"start":{"line":5,"column":7498},"end":{"line":5,"column":7736}},"loc":{"start":{"line":5,"column":7498},"end":{"line":5,"column":7736}},"line":5},"36":{"name":"ctor","decl":{"start":{"line":5,"column":7838},"end":{"line":5,"column":7874}},"loc":{"start":{"line":5,"column":7838},"end":{"line":5,"column":7874}},"line":5},"37":{"name":"baseCreate","decl":{"start":{"line":5,"column":7874},"end":{"line":5,"column":8026}},"loc":{"start":{"line":5,"column":7874},"end":{"line":5,"column":8026}},"line":5},"38":{"name":"create","decl":{"start":{"line":5,"column":8026},"end":{"line":5,"column":8094}},"loc":{"start":{"line":5,"column":8026},"end":{"line":5,"column":8094}},"line":5},"39":{"name":"clone","decl":{"start":{"line":5,"column":8094},"end":{"line":5,"column":8167}},"loc":{"start":{"line":5,"column":8094},"end":{"line":5,"column":8167}},"line":5},"40":{"name":"tap","decl":{"start":{"line":5,"column":8167},"end":{"line":5,"column":8199}},"loc":{"start":{"line":5,"column":8167},"end":{"line":5,"column":8199}},"line":5},"41":{"name":"toPath$1","decl":{"start":{"line":5,"column":8199},"end":{"line":5,"column":8244}},"loc":{"start":{"line":5,"column":8199},"end":{"line":5,"column":8244}},"line":5},"42":{"name":"toPath","decl":{"start":{"line":5,"column":8244},"end":{"line":5,"column":8284}},"loc":{"start":{"line":5,"column":8244},"end":{"line":5,"column":8284}},"line":5},"43":{"name":"deepGet","decl":{"start":{"line":5,"column":8284},"end":{"line":5,"column":8384}},"loc":{"start":{"line":5,"column":8284},"end":{"line":5,"column":8384}},"line":5},"44":{"name":"get","decl":{"start":{"line":5,"column":8384},"end":{"line":5,"column":8457}},"loc":{"start":{"line":5,"column":8384},"end":{"line":5,"column":8457}},"line":5},"45":{"name":"has","decl":{"start":{"line":5,"column":8457},"end":{"line":5,"column":8571}},"loc":{"start":{"line":5,"column":8457},"end":{"line":5,"column":8571}},"line":5},"46":{"name":"identity","decl":{"start":{"line":5,"column":8571},"end":{"line":5,"column":8601}},"loc":{"start":{"line":5,"column":8571},"end":{"line":5,"column":8601}},"line":5},"47":{"name":"matcher","decl":{"start":{"line":5,"column":8601},"end":{"line":5,"column":8679}},"loc":{"start":{"line":5,"column":8601},"end":{"line":5,"column":8679}},"line":5},"48":{"name":"property","decl":{"start":{"line":5,"column":8679},"end":{"line":5,"column":8752}},"loc":{"start":{"line":5,"column":8679},"end":{"line":5,"column":8752}},"line":5},"49":{"name":"optimizeCb","decl":{"start":{"line":5,"column":8752},"end":{"line":5,"column":9027}},"loc":{"start":{"line":5,"column":8752},"end":{"line":5,"column":9027}},"line":5},"50":{"name":"baseIteratee","decl":{"start":{"line":5,"column":9027},"end":{"line":5,"column":9162}},"loc":{"start":{"line":5,"column":9027},"end":{"line":5,"column":9162}},"line":5},"51":{"name":"iteratee","decl":{"start":{"line":5,"column":9162},"end":{"line":5,"column":9214}},"loc":{"start":{"line":5,"column":9162},"end":{"line":5,"column":9214}},"line":5},"52":{"name":"cb","decl":{"start":{"line":5,"column":9214},"end":{"line":5,"column":9302}},"loc":{"start":{"line":5,"column":9214},"end":{"line":5,"column":9302}},"line":5},"53":{"name":"mapObject","decl":{"start":{"line":5,"column":9302},"end":{"line":5,"column":9422}},"loc":{"start":{"line":5,"column":9302},"end":{"line":5,"column":9422}},"line":5},"54":{"name":"noop","decl":{"start":{"line":5,"column":9422},"end":{"line":5,"column":9439}},"loc":{"start":{"line":5,"column":9422},"end":{"line":5,"column":9439}},"line":5},"55":{"name":"propertyOf","decl":{"start":{"line":5,"column":9439},"end":{"line":5,"column":9511}},"loc":{"start":{"line":5,"column":9439},"end":{"line":5,"column":9511}},"line":5},"56":{"name":"times","decl":{"start":{"line":5,"column":9511},"end":{"line":5,"column":9619}},"loc":{"start":{"line":5,"column":9511},"end":{"line":5,"column":9619}},"line":5},"57":{"name":"random","decl":{"start":{"line":5,"column":9619},"end":{"line":5,"column":9702}},"loc":{"start":{"line":5,"column":9619},"end":{"line":5,"column":9702}},"line":5},"58":{"name":"now","decl":{"start":{"line":5,"column":9762},"end":{"line":5,"column":9800}},"loc":{"start":{"line":5,"column":9762},"end":{"line":5,"column":9800}},"line":5},"59":{"name":"createEscaper","decl":{"start":{"line":5,"column":9801},"end":{"line":5,"column":9988}},"loc":{"start":{"line":5,"column":9801},"end":{"line":5,"column":9988}},"line":5},"60":{"name":"t","decl":{"start":{"line":5,"column":9833},"end":{"line":5,"column":9857}},"loc":{"start":{"line":5,"column":9833},"end":{"line":5,"column":9857}},"line":5},"61":{"name":"escapeChar","decl":{"start":{"line":5,"column":10437},"end":{"line":5,"column":10482}},"loc":{"start":{"line":5,"column":10437},"end":{"line":5,"column":10482}},"line":5},"62":{"name":"template","decl":{"start":{"line":5,"column":10520},"end":{"line":5,"column":11389}},"loc":{"start":{"line":5,"column":10520},"end":{"line":5,"column":11389}},"line":5},"63":{"name":"result","decl":{"start":{"line":5,"column":11389},"end":{"line":5,"column":11591}},"loc":{"start":{"line":5,"column":11389},"end":{"line":5,"column":11591}},"line":5},"64":{"name":"uniqueId","decl":{"start":{"line":5,"column":11607},"end":{"line":5,"column":11664}},"loc":{"start":{"line":5,"column":11607},"end":{"line":5,"column":11664}},"line":5},"65":{"name":"chain","decl":{"start":{"line":5,"column":11664},"end":{"line":5,"column":11716}},"loc":{"start":{"line":5,"column":11664},"end":{"line":5,"column":11716}},"line":5},"66":{"name":"executeBound","decl":{"start":{"line":5,"column":11716},"end":{"line":5,"column":11858}},"loc":{"start":{"line":5,"column":11716},"end":{"line":5,"column":11858}},"line":5},"67":{"name":"r","decl":{"start":{"line":5,"column":11927},"end":{"line":5,"column":12103}},"loc":{"start":{"line":5,"column":11927},"end":{"line":5,"column":12103}},"line":5},"68":{"name":"flatten$1","decl":{"start":{"line":5,"column":12396},"end":{"line":5,"column":12705}},"loc":{"start":{"line":5,"column":12396},"end":{"line":5,"column":12705}},"line":5},"69":{"name":"memoize","decl":{"start":{"line":5,"column":12898},"end":{"line":5,"column":13063}},"loc":{"start":{"line":5,"column":12898},"end":{"line":5,"column":13063}},"line":5},"70":{"name":"throttle","decl":{"start":{"line":5,"column":13192},"end":{"line":5,"column":13589}},"loc":{"start":{"line":5,"column":13192},"end":{"line":5,"column":13589}},"line":5},"71":{"name":"debounce","decl":{"start":{"line":5,"column":13589},"end":{"line":5,"column":13883}},"loc":{"start":{"line":5,"column":13589},"end":{"line":5,"column":13883}},"line":5},"72":{"name":"wrap","decl":{"start":{"line":5,"column":13883},"end":{"line":5,"column":13922}},"loc":{"start":{"line":5,"column":13883},"end":{"line":5,"column":13922}},"line":5},"73":{"name":"negate","decl":{"start":{"line":5,"column":13922},"end":{"line":5,"column":13991}},"loc":{"start":{"line":5,"column":13922},"end":{"line":5,"column":13991}},"line":5},"74":{"name":"compose","decl":{"start":{"line":5,"column":13991},"end":{"line":5,"column":14133}},"loc":{"start":{"line":5,"column":13991},"end":{"line":5,"column":14133}},"line":5},"75":{"name":"after","decl":{"start":{"line":5,"column":14133},"end":{"line":5,"column":14212}},"loc":{"start":{"line":5,"column":14133},"end":{"line":5,"column":14212}},"line":5},"76":{"name":"before","decl":{"start":{"line":5,"column":14212},"end":{"line":5,"column":14316}},"loc":{"start":{"line":5,"column":14212},"end":{"line":5,"column":14316}},"line":5},"77":{"name":"findKey","decl":{"start":{"line":5,"column":14343},"end":{"line":5,"column":14449}},"loc":{"start":{"line":5,"column":14343},"end":{"line":5,"column":14449}},"line":5},"78":{"name":"createPredicateIndexFinder","decl":{"start":{"line":5,"column":14449},"end":{"line":5,"column":14605}},"loc":{"start":{"line":5,"column":14449},"end":{"line":5,"column":14605}},"line":5},"79":{"name":"sortedIndex","decl":{"start":{"line":5,"column":14694},"end":{"line":5,"column":14831}},"loc":{"start":{"line":5,"column":14694},"end":{"line":5,"column":14831}},"line":5},"80":{"name":"createIndexFinder","decl":{"start":{"line":5,"column":14831},"end":{"line":5,"column":15154}},"loc":{"start":{"line":5,"column":14831},"end":{"line":5,"column":15154}},"line":5},"81":{"name":"find","decl":{"start":{"line":5,"column":15257},"end":{"line":5,"column":15360}},"loc":{"start":{"line":5,"column":15257},"end":{"line":5,"column":15360}},"line":5},"82":{"name":"findWhere","decl":{"start":{"line":5,"column":15360},"end":{"line":5,"column":15410}},"loc":{"start":{"line":5,"column":15360},"end":{"line":5,"column":15410}},"line":5},"83":{"name":"each","decl":{"start":{"line":5,"column":15410},"end":{"line":5,"column":15587}},"loc":{"start":{"line":5,"column":15410},"end":{"line":5,"column":15587}},"line":5},"84":{"name":"map","decl":{"start":{"line":5,"column":15587},"end":{"line":5,"column":15733}},"loc":{"start":{"line":5,"column":15587},"end":{"line":5,"column":15733}},"line":5},"85":{"name":"createReduce","decl":{"start":{"line":5,"column":15733},"end":{"line":5,"column":16012}},"loc":{"start":{"line":5,"column":15733},"end":{"line":5,"column":16012}},"line":5},"86":{"name":"t","decl":{"start":{"line":5,"column":15764},"end":{"line":5,"column":15925}},"loc":{"start":{"line":5,"column":15764},"end":{"line":5,"column":15925}},"line":5},"87":{"name":"filter","decl":{"start":{"line":5,"column":16068},"end":{"line":5,"column":16166}},"loc":{"start":{"line":5,"column":16068},"end":{"line":5,"column":16166}},"line":5},"88":{"name":"reject","decl":{"start":{"line":5,"column":16166},"end":{"line":5,"column":16222}},"loc":{"start":{"line":5,"column":16166},"end":{"line":5,"column":16222}},"line":5},"89":{"name":"every","decl":{"start":{"line":5,"column":16222},"end":{"line":5,"column":16367}},"loc":{"start":{"line":5,"column":16222},"end":{"line":5,"column":16367}},"line":5},"90":{"name":"some","decl":{"start":{"line":5,"column":16367},"end":{"line":5,"column":16510}},"loc":{"start":{"line":5,"column":16367},"end":{"line":5,"column":16510}},"line":5},"91":{"name":"contains","decl":{"start":{"line":5,"column":16510},"end":{"line":5,"column":16623}},"loc":{"start":{"line":5,"column":16510},"end":{"line":5,"column":16623}},"line":5},"92":{"name":"pluck","decl":{"start":{"line":5,"column":16871},"end":{"line":5,"column":16917}},"loc":{"start":{"line":5,"column":16871},"end":{"line":5,"column":16917}},"line":5},"93":{"name":"where","decl":{"start":{"line":5,"column":16917},"end":{"line":5,"column":16965}},"loc":{"start":{"line":5,"column":16917},"end":{"line":5,"column":16965}},"line":5},"94":{"name":"max","decl":{"start":{"line":5,"column":16965},"end":{"line":5,"column":17256}},"loc":{"start":{"line":5,"column":16965},"end":{"line":5,"column":17256}},"line":5},"95":{"name":"min","decl":{"start":{"line":5,"column":17256},"end":{"line":5,"column":17543}},"loc":{"start":{"line":5,"column":17256},"end":{"line":5,"column":17543}},"line":5},"96":{"name":"sample","decl":{"start":{"line":5,"column":17543},"end":{"line":5,"column":17811}},"loc":{"start":{"line":5,"column":17543},"end":{"line":5,"column":17811}},"line":5},"97":{"name":"shuffle","decl":{"start":{"line":5,"column":17811},"end":{"line":5,"column":17852}},"loc":{"start":{"line":5,"column":17811},"end":{"line":5,"column":17852}},"line":5},"98":{"name":"sortBy","decl":{"start":{"line":5,"column":17852},"end":{"line":5,"column":18127}},"loc":{"start":{"line":5,"column":17852},"end":{"line":5,"column":18127}},"line":5},"99":{"name":"group","decl":{"start":{"line":5,"column":18127},"end":{"line":5,"column":18258}},"loc":{"start":{"line":5,"column":18127},"end":{"line":5,"column":18258}},"line":5},"100":{"name":"toArray","decl":{"start":{"line":5,"column":18564},"end":{"line":5,"column":18695}},"loc":{"start":{"line":5,"column":18564},"end":{"line":5,"column":18695}},"line":5},"101":{"name":"size","decl":{"start":{"line":5,"column":18695},"end":{"line":5,"column":18768}},"loc":{"start":{"line":5,"column":18695},"end":{"line":5,"column":18768}},"line":5},"102":{"name":"keyInObj","decl":{"start":{"line":5,"column":18768},"end":{"line":5,"column":18807}},"loc":{"start":{"line":5,"column":18768},"end":{"line":5,"column":18807}},"line":5},"103":{"name":"initial","decl":{"start":{"line":5,"column":19267},"end":{"line":5,"column":19352}},"loc":{"start":{"line":5,"column":19267},"end":{"line":5,"column":19352}},"line":5},"104":{"name":"first","decl":{"start":{"line":5,"column":19352},"end":{"line":5,"column":19460}},"loc":{"start":{"line":5,"column":19352},"end":{"line":5,"column":19460}},"line":5},"105":{"name":"rest","decl":{"start":{"line":5,"column":19460},"end":{"line":5,"column":19517}},"loc":{"start":{"line":5,"column":19460},"end":{"line":5,"column":19517}},"line":5},"106":{"name":"last","decl":{"start":{"line":5,"column":19517},"end":{"line":5,"column":19642}},"loc":{"start":{"line":5,"column":19517},"end":{"line":5,"column":19642}},"line":5},"107":{"name":"compact","decl":{"start":{"line":5,"column":19642},"end":{"line":5,"column":19687}},"loc":{"start":{"line":5,"column":19642},"end":{"line":5,"column":19687}},"line":5},"108":{"name":"flatten","decl":{"start":{"line":5,"column":19687},"end":{"line":5,"column":19734}},"loc":{"start":{"line":5,"column":19687},"end":{"line":5,"column":19734}},"line":5},"109":{"name":"uniq","decl":{"start":{"line":5,"column":19918},"end":{"line":5,"column":20168}},"loc":{"start":{"line":5,"column":19918},"end":{"line":5,"column":20168}},"line":5},"110":{"name":"intersection","decl":{"start":{"line":5,"column":20240},"end":{"line":5,"column":20431}},"loc":{"start":{"line":5,"column":20240},"end":{"line":5,"column":20431}},"line":5},"111":{"name":"unzip","decl":{"start":{"line":5,"column":20431},"end":{"line":5,"column":20537}},"loc":{"start":{"line":5,"column":20431},"end":{"line":5,"column":20537}},"line":5},"112":{"name":"object","decl":{"start":{"line":5,"column":20566},"end":{"line":5,"column":20670}},"loc":{"start":{"line":5,"column":20566},"end":{"line":5,"column":20670}},"line":5},"113":{"name":"range","decl":{"start":{"line":5,"column":20670},"end":{"line":5,"column":20815}},"loc":{"start":{"line":5,"column":20670},"end":{"line":5,"column":20815}},"line":5},"114":{"name":"chunk","decl":{"start":{"line":5,"column":20815},"end":{"line":5,"column":20931}},"loc":{"start":{"line":5,"column":20815},"end":{"line":5,"column":20931}},"line":5},"115":{"name":"chainResult","decl":{"start":{"line":5,"column":20931},"end":{"line":5,"column":20990}},"loc":{"start":{"line":5,"column":20931},"end":{"line":5,"column":20990}},"line":5},"116":{"name":"mixin","decl":{"start":{"line":5,"column":20990},"end":{"line":5,"column":21186}},"loc":{"start":{"line":5,"column":20990},"end":{"line":5,"column":21186}},"line":5},"117":{"name":"_$1.<computed>","decl":{"start":{"line":5,"column":21081},"end":{"line":5,"column":21178}},"loc":{"start":{"line":5,"column":21081},"end":{"line":5,"column":21178}},"line":5},"118":{"name":"_$1.<computed>","decl":{"start":{"line":5,"column":21300},"end":{"line":5,"column":21443}},"loc":{"start":{"line":5,"column":21300},"end":{"line":5,"column":21443}},"line":5},"119":{"name":"_$1.<computed>","decl":{"start":{"line":5,"column":21528},"end":{"line":5,"column":21620}},"loc":{"start":{"line":5,"column":21528},"end":{"line":5,"column":21620}},"line":5}},"f":{"0":11,"1":209,"2":0,"3":0,"4":0,"5":0,"6":15,"7":186,"8":0,"9":0,"10":0,"11":0,"12":0,"13":0,"14":2,"15":2,"16":0,"17":0,"18":0,"19":31,"20":0,"21":0,"22":0,"23":0,"24":0,"25":0,"26":0,"27":0,"28":0,"29":0,"30":0,"31":0,"32":0,"33":1,"34":1,"35":3,"36":0,"37":0,"38":0,"39":0,"40":0,"41":0,"42":0,"43":0,"44":0,"45":0,"46":0,"47":0,"48":0,"49":43,"50":40,"51":0,"52":40,"53":28,"54":0,"55":0,"56":0,"57":0,"58":0,"59":2,"60":0,"61":0,"62":0,"63":0,"64":0,"65":0,"66":0,"67":0,"68":0,"69":0,"70":0,"71":0,"72":0,"73":0,"74":0,"75":0,"76":0,"77":0,"78":2,"79":0,"80":2,"81":0,"82":0,"83":3,"84":12,"85":2,"86":0,"87":0,"88":0,"89":0,"90":0,"91":0,"92":0,"93":0,"94":0,"95":0,"96":0,"97":0,"98":0,"99":4,"100":0,"101":0,"102":0,"103":0,"104":0,"105":0,"106":0,"107":0,"108":0,"109":0,"110":0,"111":0,"112":0,"113":0,"114":0,"115":0,"116":1,"117":0,"118":0,"119":0}}
,"/home/rbn/bs/battleship/public/util.js": {"path":"/home/rbn/bs/battleship/public/util.js","all":false,"statementMap":{"0":{"start":{"line":1,"column":0},"end":{"line":1,"column":31}},"1":{"start":{"line":2,"column":0},"end":{"line":2,"column":42}},"2":{"start":{"line":3,"column":0},"end":{"line":3,"column":0}},"3":{"start":{"line":4,"column":0},"end":{"line":4,"column":35}},"4":{"start":{"line":5,"column":0},"end":{"line":5,"column":23}},"5":{"start":{"line":6,"column":0},"end":{"line":6,"column":42}},"6":{"start":{"line":7,"column":0},"end":{"line":7,"column":3}},"7":{"start":{"line":8,"column":0},"end":{"line":8,"column":23}},"8":{"start":{"line":9,"column":0},"end":{"line":9,"column":75}},"9":{"start":{"line":10,"column":0},"end":{"line":10,"column":0}},"10":{"start":{"line":11,"column":0},"end":{"line":11,"column":49}},"11":{"start":{"line":12,"column":0},"end":{"line":12,"column":78}},"12":{"start":{"line":13,"column":0},"end":{"line":13,"column":25}},"13":{"start":{"line":14,"column":0},"end":{"line":14,"column":57}},"14":{"start":{"line":15,"column":0},"end":{"line":15,"column":22}},"15":{"start":{"line":16,"column":0},"end":{"line":16,"column":51}},"16":{"start":{"line":17,"column":0},"end":{"line":17,"column":16}},"17":{"start":{"line":18,"column":0},"end":{"line":18,"column":3}},"18":{"start":{"line":19,"column":0},"end":{"line":19,"column":13}},"19":{"start":{"line":20,"column":0},"end":{"line":20,"column":1}},"20":{"start":{"line":21,"column":0},"end":{"line":21,"column":0}},"21":{"start":{"line":22,"column":0},"end":{"line":22,"column":27}},"22":{"start":{"line":23,"column":0},"end":{"line":23,"column":27}},"23":{"start":{"line":24,"column":0},"end":{"line":24,"column":0}},"24":{"start":{"line":25,"column":0},"end":{"line":25,"column":17}}},"s":{"0":1,"1":190,"2":12,"3":190,"4":190,"5":28,"6":168,"7":28,"8":28,"9":28,"10":28,"11":28,"12":28,"13":28,"14":190,"15":1,"16":1,"17":1,"18":1,"19":1,"20":1,"21":1,"22":1,"23":1,"24":1},"branchMap":{"0":{"type":"branch","line":1,"loc":{"start":{"line":1,"column":0},"end":{"line":19,"column":9}},"locations":[{"start":{"line":1,"column":0},"end":{"line":19,"column":9}}]},"1":{"type":"branch","line":1,"loc":{"start":{"line":1,"column":1},"end":{"line":16,"column":6}},"locations":[{"start":{"line":1,"column":1},"end":{"line":16,"column":6}}]},"2":{"type":"branch","line":2,"loc":{"start":{"line":2,"column":20},"end":{"line":4,"column":24}},"locations":[{"start":{"line":2,"column":20},"end":{"line":4,"column":24}}]},"3":{"type":"branch","line":4,"loc":{"start":{"line":4,"column":24},"end":{"line":5,"column":11}},"locations":[{"start":{"line":4,"column":24},"end":{"line":5,"column":11}}]},"4":{"type":"branch","line":5,"loc":{"start":{"line":5,"column":11},"end":{"line":15,"column":13}},"locations":[{"start":{"line":5,"column":11},"end":{"line":15,"column":13}}]},"5":{"type":"branch","line":12,"loc":{"start":{"line":12,"column":27},"end":{"line":13,"column":1}},"locations":[{"start":{"line":12,"column":27},"end":{"line":13,"column":1}}]},"6":{"type":"branch","line":14,"loc":{"start":{"line":14,"column":3},"end":{"line":14,"column":50}},"locations":[{"start":{"line":14,"column":3},"end":{"line":14,"column":50}}]},"7":{"type":"branch","line":15,"loc":{"start":{"line":15,"column":13},"end":{"line":16,"column":5}},"locations":[{"start":{"line":15,"column":13},"end":{"line":16,"column":5}}]},"8":{"type":"branch","line":4,"loc":{"start":{"line":4,"column":1},"end":{"line":4,"column":19}},"locations":[{"start":{"line":4,"column":1},"end":{"line":4,"column":19}}]},"9":{"type":"branch","line":6,"loc":{"start":{"line":6,"column":25},"end":{"line":8,"column":16}},"locations":[{"start":{"line":6,"column":25},"end":{"line":8,"column":16}}]}},"b":{"0":[1],"1":[190],"2":[12],"3":[178],"4":[28],"5":[2],"6":[2],"7":[150],"8":[16],"9":[168]},"fnMap":{"0":{"name":"stateClone","decl":{"start":{"line":1,"column":1},"end":{"line":16,"column":6}},"loc":{"start":{"line":1,"column":1},"end":{"line":16,"column":6}},"line":1}},"f":{"0":190}}
}
