TN:
SF:public/game-constants.js
FNF:0
FNH:0
DA:1,1
DA:2,1
DA:3,1
DA:4,1
DA:5,1
DA:6,1
DA:7,1
DA:8,1
DA:9,1
DA:10,1
DA:11,1
DA:12,1
DA:13,1
DA:14,1
DA:15,1
DA:16,1
DA:17,1
DA:18,1
DA:19,1
DA:20,1
DA:21,1
DA:22,1
DA:23,1
DA:24,1
DA:25,1
DA:26,1
DA:27,1
DA:28,1
DA:29,1
DA:30,1
DA:31,1
DA:32,1
DA:33,1
DA:34,1
DA:35,1
DA:36,1
DA:37,1
DA:38,1
DA:39,1
DA:40,1
DA:41,1
DA:42,1
DA:43,1
DA:44,1
DA:45,1
DA:46,1
DA:47,1
DA:48,1
DA:49,1
DA:50,1
DA:51,1
DA:52,1
DA:53,1
DA:54,1
DA:55,1
DA:56,1
DA:57,1
DA:58,1
DA:59,1
LF:59
LH:59
BRDA:1,0,0,1
BRF:1
BRH:1
end_of_record
TN:
SF:public/game-logic.js
FN:3,newGame
FN:7,opponentOf
FN:9,gameStep
FN:39,handleInputPlacing
FN:79,handleInputBombing
FN:122,hotItemAccounting
FN:144,placeBomb
FN:175,hitAccounting
FN:187,passTurn
FN:201,clampShipPosition
FN:217,clampBombPosition
FN:222,markOverlappingShip
FN:228,isOverlapping
FN:233,getShipBoundingBox
FNF:14
FNH:14
FNDA:10,newGame
FNDA:18,opponentOf
FNDA:20,gameStep
FNDA:14,handleInputPlacing
FNDA:6,handleInputBombing
FNDA:19,hotItemAccounting
FNDA:8,placeBomb
FNDA:9,hitAccounting
FNDA:6,passTurn
FNDA:24,clampShipPosition
FNDA:9,clampBombPosition
FNDA:14,markOverlappingShip
FNDA:9,isOverlapping
FNDA:32,getShipBoundingBox
DA:1,1
DA:2,1
DA:3,1
DA:4,10
DA:5,10
DA:6,10
DA:7,1
DA:8,18
DA:9,1
DA:10,20
DA:11,20
DA:12,20
DA:13,20
DA:14,20
DA:15,14
DA:16,14
DA:17,20
DA:18,6
DA:19,6
DA:20,20
DA:21,20
DA:22,0
DA:23,0
DA:24,20
DA:25,20
DA:26,20
DA:27,20
DA:28,20
DA:29,20
DA:30,20
DA:31,20
DA:32,11
DA:33,11
DA:34,20
DA:35,9
DA:36,20
DA:37,20
DA:38,17
DA:39,1
DA:40,14
DA:41,14
DA:42,14
DA:43,14
DA:44,14
DA:45,5
DA:46,5
DA:47,5
DA:48,5
DA:49,5
DA:50,3
DA:51,3
DA:52,3
DA:53,3
DA:54,14
DA:55,9
DA:56,9
DA:57,9
DA:58,1
DA:59,9
DA:60,1
DA:61,1
DA:62,9
DA:63,5
DA:64,5
DA:65,9
DA:66,2
DA:67,2
DA:68,9
DA:69,0
DA:70,0
DA:71,9
DA:72,9
DA:73,0
DA:74,9
DA:75,9
DA:76,9
DA:77,14
DA:78,12
DA:79,1
DA:80,6
DA:81,6
DA:82,6
DA:83,6
DA:84,6
DA:85,6
DA:86,6
DA:87,6
DA:88,2
DA:89,2
DA:90,2
DA:91,2
DA:92,2
DA:93,1
DA:94,1
DA:95,1
DA:96,1
DA:97,6
DA:98,4
DA:99,4
DA:100,4
DA:101,4
DA:102,1
DA:103,4
DA:104,1
DA:105,1
DA:106,4
DA:107,1
DA:108,1
DA:109,4
DA:110,1
DA:111,1
DA:112,4
DA:113,0
DA:114,4
DA:115,0
DA:116,0
DA:117,4
DA:118,4
DA:119,4
DA:120,4
DA:121,4
DA:122,1
DA:123,19
DA:124,19
DA:125,19
DA:126,19
DA:127,19
DA:128,19
DA:129,19
DA:130,19
DA:131,14
DA:132,14
DA:133,48
DA:134,48
DA:135,14
DA:136,19
DA:137,5
DA:138,5
DA:139,5
DA:140,5
DA:141,5
DA:142,1
DA:143,19
DA:144,1
DA:145,8
DA:146,8
DA:147,8
DA:148,8
DA:149,8
DA:150,8
DA:151,8
DA:152,8
DA:153,8
DA:154,8
DA:155,8
DA:156,8
DA:157,8
DA:158,8
DA:159,8
DA:160,8
DA:161,8
DA:162,6
DA:163,6
DA:164,6
DA:165,8
DA:166,8
DA:167,8
DA:168,8
DA:169,8
DA:170,8
DA:171,8
DA:172,8
DA:173,8
DA:174,8
DA:175,1
DA:176,9
DA:177,9
DA:178,9
DA:179,9
DA:180,9
DA:181,9
DA:182,9
DA:183,6
DA:184,9
DA:185,2
DA:186,9
DA:187,1
DA:188,6
DA:189,6
DA:190,6
DA:191,6
DA:192,6
DA:193,6
DA:194,6
DA:195,1
DA:196,1
DA:197,1
DA:198,1
DA:199,1
DA:200,1
DA:201,24
DA:202,24
DA:203,24
DA:204,24
DA:205,21
DA:206,21
DA:207,24
DA:208,3
DA:209,3
DA:210,3
DA:211,3
DA:212,24
DA:213,1
DA:214,1
DA:215,1
DA:216,1
DA:217,9
DA:218,9
DA:219,9
DA:220,9
DA:221,9
DA:222,1
DA:223,14
DA:224,14
DA:225,14
DA:226,14
DA:227,14
DA:228,1
DA:229,9
DA:230,9
DA:231,9
DA:232,9
DA:233,1
DA:234,32
DA:235,32
DA:236,32
DA:237,32
DA:238,1
DA:239,1
DA:240,1
DA:241,1
DA:242,1
DA:243,1
DA:244,1
DA:245,1
DA:246,1
DA:247,1
DA:248,1
DA:249,1
DA:250,1
DA:251,1
DA:252,1
DA:253,1
DA:254,1
DA:255,1
DA:256,1
DA:257,1
DA:258,1
DA:259,1
DA:260,1
LF:260
LH:252
BRDA:1,0,0,1
BRDA:3,1,0,10
BRDA:7,2,0,18
BRDA:8,3,0,0
BRDA:9,4,0,20
BRDA:14,5,0,14
BRDA:17,6,0,6
BRDA:20,7,0,0
BRDA:21,8,0,0
BRDA:29,9,0,6
BRDA:30,10,0,0
BRDA:34,11,0,9
BRDA:36,12,0,0
BRDA:37,13,0,17
BRDA:39,14,0,0
BRDA:31,15,0,11
BRDA:34,16,0,11
BRDA:36,17,0,3
BRDA:39,18,0,14
BRDA:44,19,0,5
BRDA:49,20,0,2
BRDA:49,21,0,3
BRDA:54,22,0,9
BRDA:57,23,0,1
BRDA:59,24,0,1
BRDA:62,25,0,5
BRDA:65,26,0,2
BRDA:68,27,0,0
BRDA:72,28,0,0
BRDA:77,29,0,12
BRDA:79,30,0,6
BRDA:87,31,0,2
BRDA:92,32,0,1
BRDA:97,33,0,4
BRDA:101,34,0,1
BRDA:103,35,0,1
BRDA:106,36,0,1
BRDA:109,37,0,1
BRDA:112,38,0,0
BRDA:114,39,0,0
BRDA:122,40,0,19
BRDA:130,41,0,14
BRDA:136,42,0,5
BRDA:143,43,0,1
BRDA:143,44,0,4
BRDA:132,45,0,48
BRDA:134,46,0,14
BRDA:136,47,0,34
BRDA:141,48,0,1
BRDA:144,49,0,8
BRDA:161,50,0,6
BRDA:164,51,0,4
BRDA:175,52,0,9
BRDA:180,53,0,7
BRDA:181,54,0,7
BRDA:181,55,0,7
BRDA:182,56,0,6
BRDA:184,57,0,2
BRDA:187,58,0,6
BRDA:193,59,0,4
BRDA:194,60,0,2
BRDA:201,61,0,24
BRDA:204,62,0,21
BRDA:207,63,0,3
BRDA:217,64,0,9
BRDA:222,65,0,14
BRDA:227,66,0,6
BRDA:228,67,0,9
BRDA:232,68,0,8
BRDA:232,69,0,7
BRDA:233,70,0,32
BRDA:235,71,0,20
BRDA:235,72,0,12
BRDA:238,73,0,20
BRDA:238,74,0,12
BRF:75
BRH:65
end_of_record
TN:
SF:public/underscore.js
FN:5,restArguments
FN:5,isObject
FN:5,isNull
FN:5,isUndefined
FN:5,isBoolean
FN:5,isElement
FN:5,tagTester
FN:5,isFunction
FN:5,ie10IsDataView
FN:5,has$1
FN:5,isArguments
FN:5,isFinite$1
FN:5,isNaN$1
FN:5,constant
FN:5,createSizePropertyCheck
FN:5,shallowProperty
FN:5,isTypedArray
FN:5,emulatedSet
FN:5,collectNonEnumProps
FN:5,keys
FN:5,isEmpty
FN:5,isMatch
FN:5,_$1
FN:5,toBufferView
FN:5,_$1.value
FN:5,_$1.toString
FN:5,eq
FN:5,deepEq
FN:5,isEqual
FN:5,allKeys
FN:5,ie11fingerprint
FN:5,values
FN:5,pairs
FN:5,invert
FN:5,functions
FN:5,createAssigner
FN:5,ctor
FN:5,baseCreate
FN:5,create
FN:5,clone
FN:5,tap
FN:5,toPath$1
FN:5,toPath
FN:5,deepGet
FN:5,get
FN:5,has
FN:5,identity
FN:5,matcher
FN:5,property
FN:5,optimizeCb
FN:5,baseIteratee
FN:5,iteratee
FN:5,cb
FN:5,mapObject
FN:5,noop
FN:5,propertyOf
FN:5,times
FN:5,random
FN:5,now
FN:5,createEscaper
FN:5,t
FN:5,escapeChar
FN:5,template
FN:5,result
FN:5,uniqueId
FN:5,chain
FN:5,executeBound
FN:5,r
FN:5,flatten$1
FN:5,memoize
FN:5,throttle
FN:5,debounce
FN:5,wrap
FN:5,negate
FN:5,compose
FN:5,after
FN:5,before
FN:5,findKey
FN:5,createPredicateIndexFinder
FN:5,sortedIndex
FN:5,createIndexFinder
FN:5,find
FN:5,findWhere
FN:5,each
FN:5,map
FN:5,createReduce
FN:5,t
FN:5,filter
FN:5,reject
FN:5,every
FN:5,some
FN:5,contains
FN:5,pluck
FN:5,where
FN:5,max
FN:5,min
FN:5,sample
FN:5,shuffle
FN:5,sortBy
FN:5,group
FN:5,toArray
FN:5,size
FN:5,keyInObj
FN:5,initial
FN:5,first
FN:5,rest
FN:5,last
FN:5,compact
FN:5,flatten
FN:5,uniq
FN:5,intersection
FN:5,unzip
FN:5,object
FN:5,range
FN:5,chunk
FN:5,chainResult
FN:5,mixin
FN:5,_$1.<computed>
FN:5,_$1.<computed>
FN:5,_$1.<computed>
FNF:120
FNH:24
FNDA:11,restArguments
FNDA:15531,isObject
FNDA:0,isNull
FNDA:0,isUndefined
FNDA:0,isBoolean
FNDA:0,isElement
FNDA:15,tagTester
FNDA:3122,isFunction
FNDA:0,ie10IsDataView
FNDA:0,has$1
FNDA:0,isArguments
FNDA:0,isFinite$1
FNDA:0,isNaN$1
FNDA:0,constant
FNDA:2,createSizePropertyCheck
FNDA:2,shallowProperty
FNDA:0,isTypedArray
FNDA:0,emulatedSet
FNDA:0,collectNonEnumProps
FNDA:2103,keys
FNDA:0,isEmpty
FNDA:0,isMatch
FNDA:0,_$1
FNDA:0,toBufferView
FNDA:0,_$1.value
FNDA:0,_$1.toString
FNDA:0,eq
FNDA:0,deepEq
FNDA:0,isEqual
FNDA:0,allKeys
FNDA:0,ie11fingerprint
FNDA:0,values
FNDA:0,pairs
FNDA:1,invert
FNDA:1,functions
FNDA:3,createAssigner
FNDA:0,ctor
FNDA:0,baseCreate
FNDA:0,create
FNDA:0,clone
FNDA:0,tap
FNDA:0,toPath$1
FNDA:0,toPath
FNDA:0,deepGet
FNDA:0,get
FNDA:0,has
FNDA:0,identity
FNDA:0,matcher
FNDA:0,property
FNDA:2979,optimizeCb
FNDA:2976,baseIteratee
FNDA:0,iteratee
FNDA:2976,cb
FNDA:2062,mapObject
FNDA:0,noop
FNDA:0,propertyOf
FNDA:0,times
FNDA:0,random
FNDA:0,now
FNDA:2,createEscaper
FNDA:0,t
FNDA:0,escapeChar
FNDA:0,template
FNDA:0,result
FNDA:0,uniqueId
FNDA:0,chain
FNDA:0,executeBound
FNDA:0,r
FNDA:0,flatten$1
FNDA:0,memoize
FNDA:0,throttle
FNDA:0,debounce
FNDA:0,wrap
FNDA:0,negate
FNDA:0,compose
FNDA:0,after
FNDA:0,before
FNDA:0,findKey
FNDA:2,createPredicateIndexFinder
FNDA:0,sortedIndex
FNDA:2,createIndexFinder
FNDA:0,find
FNDA:0,findWhere
FNDA:3,each
FNDA:914,map
FNDA:2,createReduce
FNDA:0,t
FNDA:0,filter
FNDA:0,reject
FNDA:0,every
FNDA:0,some
FNDA:0,contains
FNDA:0,pluck
FNDA:0,where
FNDA:0,max
FNDA:0,min
FNDA:0,sample
FNDA:0,shuffle
FNDA:0,sortBy
FNDA:4,group
FNDA:0,toArray
FNDA:0,size
FNDA:0,keyInObj
FNDA:0,initial
FNDA:28,first
FNDA:3,rest
FNDA:0,last
FNDA:0,compact
FNDA:0,flatten
FNDA:0,uniq
FNDA:0,intersection
FNDA:0,unzip
FNDA:0,object
FNDA:0,range
FNDA:0,chunk
FNDA:0,chainResult
FNDA:1,mixin
FNDA:0,_$1.<computed>
FNDA:0,_$1.<computed>
FNDA:0,_$1.<computed>
DA:1,1
DA:2,1
DA:3,1
DA:4,1
DA:5,1
LF:5
LH:5
BRDA:1,0,0,1
BRDA:4,1,0,0
BRDA:5,2,0,0
BRDA:5,3,0,0
BRDA:5,4,0,0
BRDA:5,5,0,0
BRDA:5,6,0,0
BRDA:5,7,0,0
BRDA:5,8,0,0
BRDA:5,9,0,0
BRDA:5,10,0,0
BRDA:5,11,0,0
BRDA:5,12,0,11
BRDA:5,13,0,0
BRDA:5,14,0,2
BRDA:5,15,0,3
BRDA:5,16,0,0
BRDA:5,17,0,0
BRDA:5,18,0,0
BRDA:5,19,0,15531
BRDA:5,20,0,4238
BRDA:5,21,0,15
BRDA:5,22,0,3
BRDA:5,23,0,3122
BRDA:5,24,0,2
BRDA:5,25,0,1
BRDA:5,26,0,0
BRDA:5,27,0,2
BRDA:5,28,0,917
BRDA:5,29,0,2
BRDA:5,30,0,917
BRDA:5,31,0,0
BRDA:5,32,0,2103
BRDA:5,33,0,0
BRDA:5,34,0,0
BRDA:5,35,0,1
BRDA:5,36,0,6
BRDA:5,37,0,1
BRDA:5,38,0,146
BRDA:5,39,0,144
BRDA:5,40,0,3
BRDA:5,41,0,38
BRDA:5,42,0,0
BRDA:5,43,0,0
BRDA:5,44,0,62
BRDA:5,45,0,0
BRDA:5,46,0,2979
BRDA:5,47,0,0
BRDA:5,48,0,0
BRDA:5,49,0,0
BRDA:5,50,0,2976
BRDA:5,51,0,0
BRDA:5,52,0,0
BRDA:5,53,0,2976
BRDA:5,54,0,0
BRDA:5,55,0,2062
BRDA:5,56,0,12834
BRDA:5,57,0,2
BRDA:5,58,0,2
BRDA:5,59,0,0
BRDA:5,60,0,0
BRDA:5,61,0,0
BRDA:5,62,0,2
BRDA:5,63,0,2
BRDA:5,64,0,3
BRDA:5,65,0,154
BRDA:5,66,0,0
BRDA:5,67,0,914
BRDA:5,68,0,0
BRDA:5,69,0,1198
BRDA:5,70,0,0
BRDA:5,71,0,2
BRDA:5,72,0,0
BRDA:5,73,0,4
BRDA:5,74,0,0
BRDA:5,75,0,0
BRDA:5,76,0,0
BRDA:5,77,0,0
BRDA:5,78,0,0
BRDA:5,79,0,0
BRDA:5,80,0,28
BRDA:5,81,0,0
BRDA:5,82,0,0
BRDA:5,83,0,0
BRDA:5,84,0,3
BRDA:5,85,0,0
BRDA:5,86,0,0
BRDA:5,87,0,0
BRDA:5,88,0,0
BRDA:5,89,0,0
BRDA:5,90,0,1
BRDA:5,91,0,144
BRDA:5,92,0,7
BRDA:5,93,0,3
BRF:94
BRH:45
end_of_record
TN:
SF:public/util.js
FN:1,stateClone
FNF:1
FNH:1
FNDA:14342,stateClone
DA:1,1
DA:2,14342
DA:3,914
DA:4,14342
DA:5,14342
DA:6,2062
DA:7,12834
DA:8,2062
DA:9,2062
DA:10,2062
DA:11,2062
DA:12,2062
DA:13,2062
DA:14,2062
DA:15,14342
DA:16,1
DA:17,1
DA:18,1
DA:19,1
DA:20,1
DA:21,1
DA:22,1
DA:23,1
DA:24,1
DA:25,1
LF:25
LH:25
BRDA:1,0,0,1
BRDA:1,1,0,14342
BRDA:2,2,0,914
BRDA:4,3,0,13428
BRDA:5,4,0,2062
BRDA:12,5,0,82
BRDA:14,6,0,81
BRDA:15,7,0,11366
BRDA:4,8,0,1198
BRDA:6,9,0,12834
BRF:10
BRH:10
end_of_record
