TN:
SF:public/game-constants.js
FNF:0
FNH:0
DA:1,1
DA:2,1
DA:3,1
DA:4,1
DA:5,1
DA:6,1
DA:7,1
DA:8,1
DA:9,1
DA:10,1
DA:11,1
DA:12,1
DA:13,1
DA:14,1
DA:15,1
DA:16,1
DA:17,1
DA:18,1
DA:19,1
DA:20,1
DA:21,1
DA:22,1
DA:23,1
DA:24,1
DA:25,1
DA:26,1
DA:27,1
DA:28,1
DA:29,1
DA:30,1
DA:31,1
DA:32,1
DA:33,1
DA:34,1
DA:35,1
DA:36,1
DA:37,1
DA:38,1
DA:39,1
DA:40,1
DA:41,1
DA:42,1
DA:43,1
DA:44,1
DA:45,1
DA:46,1
DA:47,1
DA:48,1
DA:49,1
DA:50,1
DA:51,1
DA:52,1
DA:53,1
DA:54,1
DA:55,1
DA:56,1
DA:57,1
DA:58,1
DA:59,1
LF:59
LH:59
BRDA:1,0,0,1
BRF:1
BRH:1
end_of_record
TN:
SF:public/game-logic.js
FN:3,newGame
FN:7,opponentOf
FN:9,gameStep
FN:39,handleInputPlacing
FN:79,handleInputBombing
FN:122,hotItemAccounting
FN:144,placeBomb
FN:175,hitAccounting
FN:187,passTurn
FN:201,clampShipPosition
FN:217,clampBombPosition
FN:222,markOverlappingShip
FN:228,isOverlapping
FN:233,getShipBoundingBox
FNF:14
FNH:6
FNDA:4,newGame
FNDA:2,opponentOf
FNDA:0,gameStep
FNDA:0,handleInputPlacing
FNDA:0,handleInputBombing
FNDA:0,hotItemAccounting
FNDA:0,placeBomb
FNDA:0,hitAccounting
FNDA:2,passTurn
FNDA:10,clampShipPosition
FNDA:5,clampBombPosition
FNDA:0,markOverlappingShip
FNDA:0,isOverlapping
FNDA:5,getShipBoundingBox
DA:1,1
DA:2,1
DA:3,1
DA:4,4
DA:5,4
DA:6,4
DA:7,1
DA:8,2
DA:9,1
DA:10,0
DA:11,0
DA:12,0
DA:13,0
DA:14,0
DA:15,0
DA:16,0
DA:17,0
DA:18,0
DA:19,0
DA:20,0
DA:21,0
DA:22,0
DA:23,0
DA:24,0
DA:25,0
DA:26,0
DA:27,0
DA:28,0
DA:29,0
DA:30,0
DA:31,0
DA:32,0
DA:33,0
DA:34,0
DA:35,0
DA:36,0
DA:37,0
DA:38,0
DA:39,1
DA:40,0
DA:41,0
DA:42,0
DA:43,0
DA:44,0
DA:45,0
DA:46,0
DA:47,0
DA:48,0
DA:49,0
DA:50,0
DA:51,0
DA:52,0
DA:53,0
DA:54,0
DA:55,0
DA:56,0
DA:57,0
DA:58,0
DA:59,0
DA:60,0
DA:61,0
DA:62,0
DA:63,0
DA:64,0
DA:65,0
DA:66,0
DA:67,0
DA:68,0
DA:69,0
DA:70,0
DA:71,0
DA:72,0
DA:73,0
DA:74,0
DA:75,0
DA:76,0
DA:77,0
DA:78,0
DA:79,1
DA:80,0
DA:81,0
DA:82,0
DA:83,0
DA:84,0
DA:85,0
DA:86,0
DA:87,0
DA:88,0
DA:89,0
DA:90,0
DA:91,0
DA:92,0
DA:93,0
DA:94,0
DA:95,0
DA:96,0
DA:97,0
DA:98,0
DA:99,0
DA:100,0
DA:101,0
DA:102,0
DA:103,0
DA:104,0
DA:105,0
DA:106,0
DA:107,0
DA:108,0
DA:109,0
DA:110,0
DA:111,0
DA:112,0
DA:113,0
DA:114,0
DA:115,0
DA:116,0
DA:117,0
DA:118,0
DA:119,0
DA:120,0
DA:121,0
DA:122,1
DA:123,0
DA:124,0
DA:125,0
DA:126,0
DA:127,0
DA:128,0
DA:129,0
DA:130,0
DA:131,0
DA:132,0
DA:133,0
DA:134,0
DA:135,0
DA:136,0
DA:137,0
DA:138,0
DA:139,0
DA:140,0
DA:141,0
DA:142,0
DA:143,0
DA:144,1
DA:145,0
DA:146,0
DA:147,0
DA:148,0
DA:149,0
DA:150,0
DA:151,0
DA:152,0
DA:153,0
DA:154,0
DA:155,0
DA:156,0
DA:157,0
DA:158,0
DA:159,0
DA:160,0
DA:161,0
DA:162,0
DA:163,0
DA:164,0
DA:165,0
DA:166,0
DA:167,0
DA:168,0
DA:169,0
DA:170,0
DA:171,0
DA:172,0
DA:173,0
DA:174,0
DA:175,1
DA:176,0
DA:177,0
DA:178,0
DA:179,0
DA:180,0
DA:181,0
DA:182,0
DA:183,0
DA:184,0
DA:185,0
DA:186,0
DA:187,1
DA:188,2
DA:189,2
DA:190,2
DA:191,2
DA:192,2
DA:193,2
DA:194,1
DA:195,1
DA:196,1
DA:197,1
DA:198,1
DA:199,1
DA:200,1
DA:201,10
DA:202,10
DA:203,10
DA:204,10
DA:205,8
DA:206,8
DA:207,10
DA:208,2
DA:209,2
DA:210,2
DA:211,2
DA:212,10
DA:213,1
DA:214,1
DA:215,1
DA:216,1
DA:217,5
DA:218,5
DA:219,5
DA:220,5
DA:221,5
DA:222,1
DA:223,0
DA:224,0
DA:225,0
DA:226,0
DA:227,0
DA:228,1
DA:229,0
DA:230,0
DA:231,0
DA:232,0
DA:233,1
DA:234,5
DA:235,5
DA:236,5
DA:237,5
DA:238,1
DA:239,1
DA:240,1
DA:241,1
DA:242,1
DA:243,1
DA:244,1
DA:245,1
DA:246,1
DA:247,1
DA:248,1
DA:249,1
DA:250,1
DA:251,1
DA:252,1
DA:253,1
DA:254,1
DA:255,1
DA:256,1
DA:257,1
DA:258,1
DA:259,1
DA:260,1
LF:260
LH:79
BRDA:1,0,0,1
BRDA:3,1,0,4
BRDA:7,2,0,2
BRDA:8,3,0,0
BRDA:187,4,0,2
BRDA:193,5,0,1
BRDA:201,6,0,10
BRDA:204,7,0,8
BRDA:207,8,0,2
BRDA:217,9,0,5
BRDA:233,10,0,5
BRDA:235,11,0,2
BRDA:235,12,0,3
BRDA:238,13,0,2
BRDA:238,14,0,3
BRF:15
BRH:14
end_of_record
TN:
SF:public/underscore.js
FN:5,restArguments
FN:5,isObject
FN:5,isNull
FN:5,isUndefined
FN:5,isBoolean
FN:5,isElement
FN:5,tagTester
FN:5,isFunction
FN:5,ie10IsDataView
FN:5,has$1
FN:5,isArguments
FN:5,isFinite$1
FN:5,isNaN$1
FN:5,constant
FN:5,createSizePropertyCheck
FN:5,shallowProperty
FN:5,isTypedArray
FN:5,emulatedSet
FN:5,collectNonEnumProps
FN:5,keys
FN:5,isEmpty
FN:5,isMatch
FN:5,_$1
FN:5,toBufferView
FN:5,_$1.value
FN:5,_$1.toString
FN:5,eq
FN:5,deepEq
FN:5,isEqual
FN:5,allKeys
FN:5,ie11fingerprint
FN:5,values
FN:5,pairs
FN:5,invert
FN:5,functions
FN:5,createAssigner
FN:5,ctor
FN:5,baseCreate
FN:5,create
FN:5,clone
FN:5,tap
FN:5,toPath$1
FN:5,toPath
FN:5,deepGet
FN:5,get
FN:5,has
FN:5,identity
FN:5,matcher
FN:5,property
FN:5,optimizeCb
FN:5,baseIteratee
FN:5,iteratee
FN:5,cb
FN:5,mapObject
FN:5,noop
FN:5,propertyOf
FN:5,times
FN:5,random
FN:5,now
FN:5,createEscaper
FN:5,t
FN:5,escapeChar
FN:5,template
FN:5,result
FN:5,uniqueId
FN:5,chain
FN:5,executeBound
FN:5,r
FN:5,flatten$1
FN:5,memoize
FN:5,throttle
FN:5,debounce
FN:5,wrap
FN:5,negate
FN:5,compose
FN:5,after
FN:5,before
FN:5,findKey
FN:5,createPredicateIndexFinder
FN:5,sortedIndex
FN:5,createIndexFinder
FN:5,find
FN:5,findWhere
FN:5,each
FN:5,map
FN:5,createReduce
FN:5,t
FN:5,filter
FN:5,reject
FN:5,every
FN:5,some
FN:5,contains
FN:5,pluck
FN:5,where
FN:5,max
FN:5,min
FN:5,sample
FN:5,shuffle
FN:5,sortBy
FN:5,group
FN:5,toArray
FN:5,size
FN:5,keyInObj
FN:5,initial
FN:5,first
FN:5,rest
FN:5,last
FN:5,compact
FN:5,flatten
FN:5,uniq
FN:5,intersection
FN:5,unzip
FN:5,object
FN:5,range
FN:5,chunk
FN:5,chainResult
FN:5,mixin
FN:5,_$1.<computed>
FN:5,_$1.<computed>
FN:5,_$1.<computed>
FNF:120
FNH:22
FNDA:11,restArguments
FNDA:711,isObject
FNDA:0,isNull
FNDA:0,isUndefined
FNDA:0,isBoolean
FNDA:0,isElement
FNDA:15,tagTester
FNDA:281,isFunction
FNDA:0,ie10IsDataView
FNDA:0,has$1
FNDA:0,isArguments
FNDA:0,isFinite$1
FNDA:0,isNaN$1
FNDA:0,constant
FNDA:2,createSizePropertyCheck
FNDA:2,shallowProperty
FNDA:0,isTypedArray
FNDA:0,emulatedSet
FNDA:0,collectNonEnumProps
FNDA:112,keys
FNDA:0,isEmpty
FNDA:0,isMatch
FNDA:0,_$1
FNDA:0,toBufferView
FNDA:0,_$1.value
FNDA:0,_$1.toString
FNDA:0,eq
FNDA:0,deepEq
FNDA:0,isEqual
FNDA:0,allKeys
FNDA:0,ie11fingerprint
FNDA:0,values
FNDA:0,pairs
FNDA:1,invert
FNDA:1,functions
FNDA:3,createAssigner
FNDA:0,ctor
FNDA:0,baseCreate
FNDA:0,create
FNDA:0,clone
FNDA:0,tap
FNDA:0,toPath$1
FNDA:0,toPath
FNDA:0,deepGet
FNDA:0,get
FNDA:0,has
FNDA:0,identity
FNDA:0,matcher
FNDA:0,property
FNDA:138,optimizeCb
FNDA:135,baseIteratee
FNDA:0,iteratee
FNDA:135,cb
FNDA:99,mapObject
FNDA:0,noop
FNDA:0,propertyOf
FNDA:0,times
FNDA:0,random
FNDA:0,now
FNDA:2,createEscaper
FNDA:0,t
FNDA:0,escapeChar
FNDA:0,template
FNDA:0,result
FNDA:0,uniqueId
FNDA:0,chain
FNDA:0,executeBound
FNDA:0,r
FNDA:0,flatten$1
FNDA:0,memoize
FNDA:0,throttle
FNDA:0,debounce
FNDA:0,wrap
FNDA:0,negate
FNDA:0,compose
FNDA:0,after
FNDA:0,before
FNDA:0,findKey
FNDA:2,createPredicateIndexFinder
FNDA:0,sortedIndex
FNDA:2,createIndexFinder
FNDA:0,find
FNDA:0,findWhere
FNDA:3,each
FNDA:36,map
FNDA:2,createReduce
FNDA:0,t
FNDA:0,filter
FNDA:0,reject
FNDA:0,every
FNDA:0,some
FNDA:0,contains
FNDA:0,pluck
FNDA:0,where
FNDA:0,max
FNDA:0,min
FNDA:0,sample
FNDA:0,shuffle
FNDA:0,sortBy
FNDA:4,group
FNDA:0,toArray
FNDA:0,size
FNDA:0,keyInObj
FNDA:0,initial
FNDA:0,first
FNDA:0,rest
FNDA:0,last
FNDA:0,compact
FNDA:0,flatten
FNDA:0,uniq
FNDA:0,intersection
FNDA:0,unzip
FNDA:0,object
FNDA:0,range
FNDA:0,chunk
FNDA:0,chainResult
FNDA:1,mixin
FNDA:0,_$1.<computed>
FNDA:0,_$1.<computed>
FNDA:0,_$1.<computed>
DA:1,1
DA:2,1
DA:3,1
DA:4,1
DA:5,1
LF:5
LH:5
BRDA:1,0,0,1
BRDA:4,1,0,0
BRDA:5,2,0,0
BRDA:5,3,0,0
BRDA:5,4,0,0
BRDA:5,5,0,0
BRDA:5,6,0,0
BRDA:5,7,0,0
BRDA:5,8,0,0
BRDA:5,9,0,0
BRDA:5,10,0,0
BRDA:5,11,0,0
BRDA:5,12,0,11
BRDA:5,13,0,0
BRDA:5,14,0,2
BRDA:5,15,0,3
BRDA:5,16,0,0
BRDA:5,17,0,0
BRDA:5,18,0,0
BRDA:5,19,0,711
BRDA:5,20,0,217
BRDA:5,21,0,15
BRDA:5,22,0,3
BRDA:5,23,0,281
BRDA:5,24,0,2
BRDA:5,25,0,1
BRDA:5,26,0,0
BRDA:5,27,0,2
BRDA:5,28,0,39
BRDA:5,29,0,2
BRDA:5,30,0,39
BRDA:5,31,0,0
BRDA:5,32,0,112
BRDA:5,33,0,0
BRDA:5,34,0,0
BRDA:5,35,0,1
BRDA:5,36,0,6
BRDA:5,37,0,1
BRDA:5,38,0,146
BRDA:5,39,0,144
BRDA:5,40,0,3
BRDA:5,41,0,10
BRDA:5,42,0,0
BRDA:5,43,0,0
BRDA:5,44,0,20
BRDA:5,45,0,0
BRDA:5,46,0,138
BRDA:5,47,0,0
BRDA:5,48,0,0
BRDA:5,49,0,0
BRDA:5,50,0,135
BRDA:5,51,0,0
BRDA:5,52,0,0
BRDA:5,53,0,135
BRDA:5,54,0,0
BRDA:5,55,0,99
BRDA:5,56,0,554
BRDA:5,57,0,2
BRDA:5,58,0,2
BRDA:5,59,0,0
BRDA:5,60,0,0
BRDA:5,61,0,0
BRDA:5,62,0,2
BRDA:5,63,0,2
BRDA:5,64,0,3
BRDA:5,65,0,154
BRDA:5,66,0,0
BRDA:5,67,0,36
BRDA:5,68,0,0
BRDA:5,69,0,48
BRDA:5,70,0,0
BRDA:5,71,0,2
BRDA:5,72,0,0
BRDA:5,73,0,4
BRDA:5,74,0,0
BRDA:5,75,0,0
BRDA:5,76,0,0
BRDA:5,77,0,0
BRDA:5,78,0,0
BRDA:5,79,0,0
BRDA:5,80,0,0
BRDA:5,81,0,0
BRDA:5,82,0,0
BRDA:5,83,0,1
BRDA:5,84,0,144
BRDA:5,85,0,7
BRDA:5,86,0,3
BRF:87
BRH:43
end_of_record
TN:
SF:public/util.js
FN:1,stateClone
FNF:1
FNH:1
FNDA:635,stateClone
DA:1,1
DA:2,635
DA:3,36
DA:4,635
DA:5,635
DA:6,99
DA:7,554
DA:8,99
DA:9,99
DA:10,99
DA:11,99
DA:12,99
DA:13,99
DA:14,99
DA:15,635
DA:16,1
DA:17,1
DA:18,1
DA:19,1
DA:20,1
DA:21,1
DA:22,1
DA:23,1
DA:24,1
DA:25,1
LF:25
LH:25
BRDA:1,0,0,1
BRDA:1,1,0,635
BRDA:2,2,0,36
BRDA:4,3,0,599
BRDA:5,4,0,99
BRDA:12,5,0,6
BRDA:14,6,0,6
BRDA:15,7,0,500
BRDA:4,8,0,48
BRDA:6,9,0,554
BRF:10
BRH:10
end_of_record
